#
# A fatal error has been detected by the Java Runtime Environment:
#
#  EXCEPTION_ACCESS_VIOLATION (0xc0000005) at pc=0x000002056a16102c, pid=3080, tid=14984
#
# JRE version: OpenJDK Runtime Environment Temurin-21.0.4+7 (21.0.4+7) (build 21.0.4+7-LTS)
# Java VM: OpenJDK 64-Bit Server VM Temurin-21.0.4+7 (21.0.4+7-LTS, mixed mode, emulated-client, tiered, compressed oops, compressed class ptrs, g1 gc, windows-amd64)
# Problematic frame:
# v  ~BufferBlob::MethodHandles adapters 0x000002056a16102c
#
# No core dump will be written. Minidumps are not enabled by default on client versions of Windows
#
# If you would like to submit a bug report, please visit:
#   https://github.com/adoptium/adoptium-support/issues
#

---------------  S U M M A R Y ------------

Command Line: -XX:+ShowCodeDetailsInExceptionMessages -agentlib:jdwp=transport=dt_socket,suspend=y,address=localhost:65088 -Dcom.sun.management.jmxremote -Dcom.sun.management.jmxremote.port=65087 -Dcom.sun.management.jmxremote.authenticate=false -Dcom.sun.management.jmxremote.ssl=false -Djava.rmi.server.hostname=localhost -Dspring.jmx.enabled=true -Dmanagement.endpoints.jmx.exposure.include=* -Dspring.application.admin.enabled=true -XX:TieredStopAtLevel=1 -Dspring.boot.project.name=projeto-springboot -javaagent:C:\Program Files (x86)\spring-tool-suite\configuration\org.eclipse.osgi\271\0\.cp\lib\javaagent-shaded.jar -Dfile.encoding=UTF-8 -Dstdout.encoding=UTF-8 -Dstderr.encoding=UTF-8 com.produtoapi.ProjetoSpringbootApplication --spring.output.ansi.enabled=always

Host: AMD Ryzen 5 5500U with Radeon Graphics         , 12 cores, 5G,  Windows 11 , 64 bit Build 22621 (10.0.22621.5415)
Time: Thu Nov  6 18:29:05 2025 Hora oficial do Brasil elapsed time: 254.240734 seconds (0d 0h 4m 14s)

---------------  T H R E A D  ---------------

Current thread (0x0000020577410220):  JavaThread "restartedMain"        [_thread_in_Java, id=14984, stack(0x000000279c200000,0x000000279c300000) (1024K)]

Stack: [0x000000279c200000,0x000000279c300000],  sp=0x000000279c2fd608,  free space=1013k
Native frames: (J=compiled Java code, j=interpreted, Vv=VM code, C=native code)
C  0x000002056a16102c

The last pc belongs to _linkToSpecial (printed below).

siginfo: EXCEPTION_ACCESS_VIOLATION (0xc0000005), reading address 0xffffffffffffffff


Registers:
RAX=0x000002056a139086, RBX=0xa52f240000000000, RCX=0x000000279c2fd610, RDX=0x0000000000000002
RSP=0x000000279c2fd608, RBP=0x000000279c2fd658, RSI=0x0000020578b4a6d8, RDI=0x0000020579a9bd10
R8 =0x0000000000000004, R9 =0x0000000000000004, R10=0x00007fff605d7040, R11=0x00000205723ecce0
R12=0x0000000000000000, R13=0x000000279c2fd608, R14=0x000000279c2fd678, R15=0x0000020577410220
RIP=0x000002056a16102c, EFLAGS=0x0000000000010202


Register to memory mapping:

RAX=0x000002056a139086 is at code_begin+3078 in an Interpreter codelet
return entry points  [0x000002056a138480, 0x000002056a13a298]  7704 bytes
RBX=0xa52f240000000000 is an unknown value
RCX=0x000000279c2fd610 is pointing into the stack for thread: 0x0000020577410220
RDX=0x0000000000000002 is an unknown value
RSP=0x000000279c2fd608 is pointing into the stack for thread: 0x0000020577410220
RBP=0x000000279c2fd658 is pointing into the stack for thread: 0x0000020577410220
RSI=0x0000020578b4a6d8 points into unknown readable memory: 0x8000110081952596 | 96 25 95 81 00 11 00 80
RDI=0x0000020579a9bd10 points into unknown readable memory: 0x0000001800000070 | 70 00 00 00 18 00 00 00
R8 =0x0000000000000004 is an unknown value
R9 =0x0000000000000004 is an unknown value
R10=0x00007fff605d7040 jvm.dll
R11={method} {0x00000205723ecce8} 'newInvokeSpecial' '(Ljava/lang/Object;)Ljava/lang/Object;' in 'java/lang/invoke/DirectMethodHandle$Holder'
R12=0x0 is null
R13=0x000000279c2fd608 is pointing into the stack for thread: 0x0000020577410220
R14=0x000000279c2fd678 is pointing into the stack for thread: 0x0000020577410220
R15=0x0000020577410220 is a thread

Top of Stack: (sp=0x000000279c2fd608)
0x000000279c2fd608:   000002056a139086 000000279c2fd610
0x000000279c2fd618:   00000205723ecccf 0000000000000004
0x000000279c2fd628:   00000205723f0aa8 00000000a3340c98
0x000000279c2fd638:   00000000a2a98a28 00000205723ecce0
0x000000279c2fd648:   000000279c2fd608 000000279c2fd680
0x000000279c2fd658:   000000279c2fd9f0 000002056a5613db
0x000000279c2fd668:   00000000a52f2308 00000000a52f23b0
0x000000279c2fd678:   00000000a52f2368 00000000a52f20c8
0x000000279c2fd688:   0000000000000000 000000279c2fd9f0
0x000000279c2fd698:   000002056aaabe74 0000000000000000
0x000000279c2fd6a8:   0000000000000000 0000000000000000
0x000000279c2fd6b8:   0000000000000000 0000000000000000
0x000000279c2fd6c8:   0000000000000000 0000000000000000
0x000000279c2fd6d8:   0000000000000000 0000000000000000
0x000000279c2fd6e8:   0000000000000000 0000000000000000
0x000000279c2fd6f8:   00000000a2aa9d88 00000000a3340c98
0x000000279c2fd708:   00000000a52f1f90 00000000a52f1f90
0x000000279c2fd718:   00000000a52f20c8 00000000a52f2398
0x000000279c2fd728:   00000000a52f2120 00000000a3340c98
0x000000279c2fd738:   0000000000000001 000000279c2fd9f0
0x000000279c2fd748:   0000020500000000 0000000000000000
0x000000279c2fd758:   0000000000000000 00000000a52f2368
0x000000279c2fd768:   000002056a55ca5c 0000000000000000
0x000000279c2fd778:   0000000000000000 0000000000000000
0x000000279c2fd788:   0000000000000000 0000020577410220
0x000000279c2fd798:   0000000000000000 00000000a52f20c8
0x000000279c2fd7a8:   0000000000000000 00000000a52f1f90
0x000000279c2fd7b8:   00000000a52f2398 00000000a52f20c8
0x000000279c2fd7c8:   0000000000000000 00000000a52f2000
0x000000279c2fd7d8:   000002056a560934 000000279c2fd9f0
0x000000279c2fd7e8:   000002056a4cefca 0000000000000000
0x000000279c2fd7f8:   000002056a398681 0000020577410220 

Instructions: (pc=0x000002056a16102c)
0x000002056a160f2c:   8b 59 14 8b 5b 28 8b 5b 24 48 8b 5b 10 48 85 db
0x000002056a160f3c:   0f 84 10 00 00 00 41 80 bf e0 05 00 00 00 74 03
0x000002056a160f4c:   ff 63 38 ff 63 50 e9 a9 16 00 00 66 0f 1f 84 00
0x000002056a160f5c:   00 00 00 00 48 8b 53 08 0f b7 52 2e 48 8b 0c d4
0x000002056a160f6c:   58 5b 50 44 8b 51 08 49 c1 e2 03 4c 8b 5b 10 4b
0x000002056a160f7c:   8b 9c da c8 01 00 00 48 85 db 0f 84 10 00 00 00
0x000002056a160f8c:   41 80 bf e0 05 00 00 00 74 03 ff 63 38 ff 63 50
0x000002056a160f9c:   e9 5f 16 00 00 66 66 66 0f 1f 84 00 00 00 00 00
0x000002056a160fac:   66 66 0f 1f 84 00 00 00 00 00 66 66 0f 1f 84 00
0x000002056a160fbc:   00 00 00 00 58 5b 50 8b 5b 24 48 8b 5b 10 48 85
0x000002056a160fcc:   db 0f 84 10 00 00 00 41 80 bf e0 05 00 00 00 74
0x000002056a160fdc:   03 ff 63 38 ff 63 50 e9 18 16 00 00 66 66 66 0f
0x000002056a160fec:   1f 84 00 00 00 00 00 0f 1f 80 00 00 00 00 66 0f
0x000002056a160ffc:   1f 44 00 00 48 8b 53 08 0f b7 52 2e 48 8b 0c d4
0x000002056a16100c:   58 5b 50 48 3b 01 8b 5b 24 48 8b 5b 10 48 85 db
0x000002056a16101c:   0f 84 10 00 00 00 41 80 bf e0 05 00 00 00 74 03
0x000002056a16102c:   ff 63 38 ff 63 50 e9 c9 15 00 00 66 0f 1f 84 00
0x000002056a16103c:   00 00 00 00 48 8b 53 08 0f b7 52 2e 48 8b 0c d4
0x000002056a16104c:   58 5b 50 44 8b 51 08 49 c1 e2 03 8b 43 18 48 8b
0x000002056a16105c:   40 10 48 8b 5b 10 45 8b 9a a0 00 00 00 4f 8d 9c
0x000002056a16106c:   da c8 01 00 00 4d 8d 14 da 49 8b 1b 48 3b c3 74
0x000002056a16107c:   15 48 85 db 0f 84 32 00 00 00 49 83 c3 10 49 8b
0x000002056a16108c:   1b 48 3b c3 75 eb 45 8b 5b 08 4b 8b 1c 1a 48 85
0x000002056a16109c:   db 0f 84 10 00 00 00 41 80 bf e0 05 00 00 00 74
0x000002056a1610ac:   03 ff 63 38 ff 63 50 e9 48 15 00 00 e9 43 12 00
0x000002056a1610bc:   00 f4 00 00 00 00 00 00 00 00 00 00 00 00 00 00
0x000002056a1610cc:   00 00 00 00 00 00 00 00 00 00 00 00 00 00 00 00
0x000002056a1610dc:   00 00 00 00 00 00 00 00 00 00 00 00 00 00 00 00
0x000002056a1610ec:   00 00 00 00 00 00 00 00 00 00 00 00 00 00 00 00
0x000002056a1610fc:   00 00 00 00 00 00 00 00 00 00 00 00 00 00 00 00
0x000002056a16110c:   00 00 00 00 00 00 00 00 00 00 00 00 00 00 00 00
0x000002056a16111c:   00 00 00 00 00 00 00 00 00 00 00 00 00 00 00 00 


Stack slot to memory mapping:

stack at sp + 0 slots: 0x000002056a139086 is at code_begin+3078 in an Interpreter codelet
return entry points  [0x000002056a138480, 0x000002056a13a298]  7704 bytes
stack at sp + 1 slots: 0x000000279c2fd610 is pointing into the stack for thread: 0x0000020577410220
stack at sp + 2 slots: 0x00000205723ecccf is pointing into metadata
stack at sp + 3 slots: 0x0000000000000004 is an unknown value
stack at sp + 4 slots: 0x00000205723f0aa8 is pointing into metadata
stack at sp + 5 slots: 0x00000000a3340c98 is an oop: java.lang.Class 
{0x00000000a3340c98} - klass: 'java/lang/Class'
 - ---- fields (total size 14 words):
 - private volatile transient 'classRedefinedCount' 'I' @12  1 (0x00000001)
 - injected 'klass' 'J' @16  4297180208 (0x000000010021c430)
 - injected 'array_klass' 'J' @24  0 (0x0000000000000000)
 - injected 'oop_size' 'I' @32  14 (0x0000000e)
 - injected 'static_oop_field_count' 'I' @36  0 (0x00000000)
 - private volatile transient 'cachedConstructor' 'Ljava/lang/reflect/Constructor;' @40  null (0x00000000)
 - private transient 'name' 'Ljava/lang/String;' @44  "com.produtoapi.service.ProdutoService"{0x00000000a357aea0} (0xa357aea0)
 - private transient 'module' 'Ljava/lang/Module;' @48  a 'java/lang/Module'{0x00000000a2e09aa8} (0xa2e09aa8)
 - private final 'classLoader' 'Ljava/lang/ClassLoader;' @52  a 'org/springframework/boot/devtools/restart/classloader/RestartClassLoader'{0x00000000a2e03128} (0xa2e03128)
 - private transient 'classData' 'Ljava/lang/Object;' @56  null (0x00000000)
 - private transient 'packageName' 'Ljava/lang/String;' @60  "com.produtoapi.service"{0x00000000a3496890} (0xa3496890)
 - private final 'componentType' 'Ljava/lang/Class;' @64  null (0x00000000)
 - private volatile transient 'reflectionData' 'Ljava/lang/ref/SoftReference;' @68  a 'java/lang/ref/SoftReference'{0x00000000a3850980} (0xa3850980)
 - private volatile transient 'genericInfo' 'Lsun/reflect/generics/repository/ClassRepository;' @72  null (0x00000000)
 - private volatile transient 'enumConstants' '[Ljava/lang/Object;' @76  null (0x00000000)
 - private volatile transient 'enumConstantDirectory' 'Ljava/util/Map;' @80  null (0x00000000)
 - private volatile transient 'annotationData' 'Ljava/lang/Class$AnnotationData;' @84  a 'java/lang/Class$AnnotationData'{0x00000000a3850898} (0xa3850898)
 - private volatile transient 'annotationType' 'Lsun/reflect/annotation/AnnotationType;' @88  null (0x00000000)
 - transient 'classValueMap' 'Ljava/lang/ClassValue$ClassValueMap;' @92  null (0x00000000)
 - injected 'protection_domain' 'Ljava/lang/Object;' @96  a 'java/security/ProtectionDomain'{0x00000000a3056cd8} (0xa3056cd8)
 - injected 'signers_name' 'Ljava/lang/Object;' @100  null (0x00000000)
 - injected 'source_file' 'Ljava/lang/Object;' @104  null (0x00000000)
 - signature: Lcom/produtoapi/service/ProdutoService;
 - ---- static fields (0):
stack at sp + 6 slots: 0x00000000a2a98a28 is an oop: java.lang.Class 
{0x00000000a2a98a28} - klass: 'java/lang/Class'
 - ---- fields (total size 14 words):
 - private volatile transient 'classRedefinedCount' 'I' @12  0 (0x00000000)
 - injected 'klass' 'J' @16  4295177168 (0x00000001000333d0)
 - injected 'array_klass' 'J' @24  0 (0x0000000000000000)
 - injected 'oop_size' 'I' @32  14 (0x0000000e)
 - injected 'static_oop_field_count' 'I' @36  0 (0x00000000)
 - private volatile transient 'cachedConstructor' 'Ljava/lang/reflect/Constructor;' @40  null (0x00000000)
 - private transient 'name' 'Ljava/lang/String;' @44  null (0x00000000)
 - private transient 'module' 'Ljava/lang/Module;' @48  a 'java/lang/Module'{0x00000000a2a87890} (0xa2a87890)
 - private final 'classLoader' 'Ljava/lang/ClassLoader;' @52  null (0x00000000)
 - private transient 'classData' 'Ljava/lang/Object;' @56  null (0x00000000)
 - private transient 'packageName' 'Ljava/lang/String;' @60  null (0x00000000)
 - private final 'componentType' 'Ljava/lang/Class;' @64  null (0x00000000)
 - private volatile transient 'reflectionData' 'Ljava/lang/ref/SoftReference;' @68  null (0x00000000)
 - private volatile transient 'genericInfo' 'Lsun/reflect/generics/repository/ClassRepository;' @72  null (0x00000000)
 - private volatile transient 'enumConstants' '[Ljava/lang/Object;' @76  null (0x00000000)
 - private volatile transient 'enumConstantDirectory' 'Ljava/util/Map;' @80  null (0x00000000)
 - private volatile transient 'annotationData' 'Ljava/lang/Class$AnnotationData;' @84  null (0x00000000)
 - private volatile transient 'annotationType' 'Lsun/reflect/annotation/AnnotationType;' @88  null (0x00000000)
 - transient 'classValueMap' 'Ljava/lang/ClassValue$ClassValueMap;' @92  null (0x00000000)
 - injected 'protection_domain' 'Ljava/lang/Object;' @96  null (0x00000000)
 - injected 'signers_name' 'Ljava/lang/Object;' @100  null (0x00000000)
 - injected 'source_file' 'Ljava/lang/Object;' @104  null (0x00000000)
 - signature: Ljava/lang/invoke/DirectMethodHandle$Holder;
 - ---- static fields (0):
stack at sp + 7 slots: {method} {0x00000205723ecce8} 'newInvokeSpecial' '(Ljava/lang/Object;)Ljava/lang/Object;' in 'java/lang/invoke/DirectMethodHandle$Holder'

MethodHandle::interpreter_entry::_linkToSpecial [0x000002056a160fe8, 0x000002056a161037] (79 bytes)
[MachCode]
  0x000002056a160fe8: 6666 660f | 1f84 0000 | 0000 000f | 1f80 0000 | 0000 660f | 1f44 0000 | 488b 5308 | 0fb7 522e 
  0x000002056a161008: 488b 0cd4 | 585b 5048 | 3b01 8b5b | 2448 8b5b | 1048 85db | 0f84 1000 | 0000 4180 | bfe0 0500 
  0x000002056a161028: 0000 7403 | ff63 38ff | 6350 e9c9 | 
[/MachCode]

---------------  P R O C E S S  ---------------

Threads class SMR info:
_java_thread_list=0x00000205795e4fa0, length=25, elements={
0x00000205666407e0, 0x0000020576027130, 0x0000020576028330, 0x000002057605ad60,
0x000002057607bde0, 0x000002057607cc60, 0x0000020576044510, 0x0000020576045710,
0x0000020576197e10, 0x00000205762ca3c0, 0x00000205762ec4a0, 0x00000205762ecb20,
0x0000020576b42270, 0x0000020576d869b0, 0x0000020576d92c40, 0x0000020576dba000,
0x00000205773776f0, 0x000002057738aa60, 0x00000205773a8e70, 0x000002057740ee70,
0x0000020577410220, 0x000002057740fb90, 0x00000205774108b0, 0x00000205774122f0,
0x0000020577410f40
}

Java Threads: ( => current thread )
  0x00000205666407e0 JavaThread "main"                              [_thread_blocked, id=16484, stack(0x0000002799a00000,0x0000002799b00000) (1024K)]
  0x0000020576027130 JavaThread "Reference Handler"          daemon [_thread_blocked, id=3068, stack(0x000000279a200000,0x000000279a300000) (1024K)]
  0x0000020576028330 JavaThread "Finalizer"                  daemon [_thread_blocked, id=16296, stack(0x000000279a300000,0x000000279a400000) (1024K)]
  0x000002057605ad60 JavaThread "Signal Dispatcher"          daemon [_thread_blocked, id=4220, stack(0x000000279a400000,0x000000279a500000) (1024K)]
  0x000002057607bde0 JavaThread "Attach Listener"            daemon [_thread_blocked, id=14668, stack(0x000000279a500000,0x000000279a600000) (1024K)]
  0x000002057607cc60 JavaThread "Service Thread"             daemon [_thread_blocked, id=3608, stack(0x000000279a600000,0x000000279a700000) (1024K)]
  0x0000020576044510 JavaThread "Monitor Deflation Thread"   daemon [_thread_blocked, id=3132, stack(0x000000279a700000,0x000000279a800000) (1024K)]
  0x0000020576045710 JavaThread "C1 CompilerThread0"         daemon [_thread_blocked, id=10680, stack(0x000000279a800000,0x000000279a900000) (1024K)]
  0x0000020576197e10 JavaThread "Common-Cleaner"             daemon [_thread_blocked, id=8980, stack(0x000000279a900000,0x000000279aa00000) (1024K)]
  0x00000205762ca3c0 JavaThread "JDWP Transport Listener: dt_socket" daemon [_thread_blocked, id=10792, stack(0x000000279ab00000,0x000000279ac00000) (1024K)]
  0x00000205762ec4a0 JavaThread "JDWP Event Helper Thread"   daemon [_thread_blocked, id=9492, stack(0x000000279ac00000,0x000000279ad00000) (1024K)]
  0x00000205762ecb20 JavaThread "JDWP Command Reader"        daemon [_thread_in_native, id=6296, stack(0x000000279ad00000,0x000000279ae00000) (1024K)]
  0x0000020576b42270 JavaThread "Notification Thread"        daemon [_thread_blocked, id=17256, stack(0x000000279ae00000,0x000000279af00000) (1024K)]
  0x0000020576d869b0 JavaThread "RMI TCP Accept-0"           daemon [_thread_in_native, id=10824, stack(0x000000279b100000,0x000000279b200000) (1024K)]
  0x0000020576d92c40 JavaThread "RMI TCP Accept-65087"       daemon [_thread_in_native, id=13848, stack(0x000000279b200000,0x000000279b300000) (1024K)]
  0x0000020576dba000 JavaThread "RMI TCP Accept-0"           daemon [_thread_in_native, id=11008, stack(0x000000279bc00000,0x000000279bd00000) (1024K)]
  0x00000205773776f0 JavaThread "RMI Scheduler(0)"           daemon [_thread_blocked, id=3104, stack(0x000000279be00000,0x000000279bf00000) (1024K)]
  0x000002057738aa60 JavaThread "RMI TCP Connection(2)-127.0.0.1" daemon [_thread_in_native, id=7268, stack(0x000000279bf00000,0x000000279c000000) (1024K)]
  0x00000205773a8e70 JavaThread "JMX server connection timeout 40" daemon [_thread_blocked, id=4512, stack(0x000000279c000000,0x000000279c100000) (1024K)]
  0x000002057740ee70 JavaThread "Thread-0"                          [_thread_blocked, id=17664, stack(0x000000279c100000,0x000000279c200000) (1024K)]
=>0x0000020577410220 JavaThread "restartedMain"                     [_thread_in_Java, id=14984, stack(0x000000279c200000,0x000000279c300000) (1024K)]
  0x000002057740fb90 JavaThread "Catalina-utility-1"                [_thread_blocked, id=16184, stack(0x000000279c500000,0x000000279c600000) (1024K)]
  0x00000205774108b0 JavaThread "Catalina-utility-2"                [_thread_blocked, id=12424, stack(0x000000279c600000,0x000000279c700000) (1024K)]
  0x00000205774122f0 JavaThread "container-0"                       [_thread_blocked, id=13164, stack(0x000000279c700000,0x000000279c800000) (1024K)]
  0x0000020577410f40 JavaThread "HikariPool-1:housekeeper"   daemon [_thread_blocked, id=17492, stack(0x000000279c800000,0x000000279c900000) (1024K)]
Total: 25

Other Threads:
  0x0000020571e2f7e0 VMThread "VM Thread"                           [id=12632, stack(0x000000279a100000,0x000000279a200000) (1024K)]
  0x0000020571db1ce0 WatcherThread "VM Periodic Task Thread"        [id=14164, stack(0x000000279a000000,0x000000279a100000) (1024K)]
  0x000002056443e620 WorkerThread "GC Thread#0"                     [id=9796, stack(0x0000002799b00000,0x0000002799c00000) (1024K)]
  0x0000020576dafa50 WorkerThread "GC Thread#1"                     [id=16412, stack(0x000000279b300000,0x000000279b400000) (1024K)]
  0x0000020576daf6b0 WorkerThread "GC Thread#2"                     [id=3312, stack(0x000000279b400000,0x000000279b500000) (1024K)]
  0x0000020576daebd0 WorkerThread "GC Thread#3"                     [id=10420, stack(0x000000279b500000,0x000000279b600000) (1024K)]
  0x0000020576dae830 WorkerThread "GC Thread#4"                     [id=17384, stack(0x000000279b600000,0x000000279b700000) (1024K)]
  0x0000020576daef70 WorkerThread "GC Thread#5"                     [id=10160, stack(0x000000279b700000,0x000000279b800000) (1024K)]
  0x0000020576dafdf0 WorkerThread "GC Thread#6"                     [id=14796, stack(0x000000279b800000,0x000000279b900000) (1024K)]
  0x0000020576daf310 WorkerThread "GC Thread#7"                     [id=7700, stack(0x000000279b900000,0x000000279ba00000) (1024K)]
  0x0000020576dae490 WorkerThread "GC Thread#8"                     [id=9944, stack(0x000000279ba00000,0x000000279bb00000) (1024K)]
  0x0000020576e69280 WorkerThread "GC Thread#9"                     [id=3788, stack(0x000000279bb00000,0x000000279bc00000) (1024K)]
  0x0000020566690460 ConcurrentGCThread "G1 Main Marker"            [id=18320, stack(0x0000002799c00000,0x0000002799d00000) (1024K)]
  0x00000205666938e0 WorkerThread "G1 Conc#0"                       [id=10016, stack(0x0000002799d00000,0x0000002799e00000) (1024K)]
  0x0000020576e66700 WorkerThread "G1 Conc#1"                       [id=6036, stack(0x000000279c300000,0x000000279c400000) (1024K)]
  0x0000020576e65c20 WorkerThread "G1 Conc#2"                       [id=2648, stack(0x000000279c400000,0x000000279c500000) (1024K)]
  0x00000205666ee1b0 ConcurrentGCThread "G1 Refine#0"               [id=5712, stack(0x0000002799e00000,0x0000002799f00000) (1024K)]
  0x00000205666eeac0 ConcurrentGCThread "G1 Service"                [id=15348, stack(0x0000002799f00000,0x000000279a000000) (1024K)]
Total: 18

Threads with active compile tasks:
Total: 0

VM state: not at safepoint (normal execution)

VM Mutex/Monitor currently owned by a thread: None

Heap address: 0x00000000a2600000, size: 1498 MB, Compressed Oops mode: 32-bit

CDS archive(s) not mapped
Compressed class space mapped at: 0x0000000100000000-0x0000000140000000, reserved size: 1073741824
Narrow klass base: 0x0000000000000000, Narrow klass shift: 3, Narrow klass range: 0x140000000

GC Precious Log:
 CardTable entry size: 512
 Card Set container configuration: InlinePtr #cards 5 size 8 Array Of Cards #cards 12 size 40 Howl #buckets 4 coarsen threshold 1843 Howl Bitmap #cards 512 size 80 coarsen threshold 460 Card regions per heap region 1 cards per card region 2048
 CPUs: 12 total, 12 available
 Memory: 5989M
 Large Page Support: Disabled
 NUMA Support: Disabled
 Compressed Oops: Enabled (32-bit)
 Heap Region Size: 1M
 Heap Min Capacity: 8M
 Heap Initial Capacity: 94M
 Heap Max Capacity: 1498M
 Pre-touch: Disabled
 Parallel Workers: 10
 Concurrent Workers: 3
 Concurrent Refinement Workers: 10
 Periodic GC: Disabled

Heap:
 garbage-first heap   total 73728K, used 60819K [0x00000000a2600000, 0x0000000100000000)
  region size 1024K, 40 young (40960K), 4 survivors (4096K)
 Metaspace       used 66727K, committed 67392K, reserved 1114112K
  class space    used 8900K, committed 9152K, reserved 1048576K

Heap Regions: E=young(eden), S=young(survivor), O=old, HS=humongous(starts), HC=humongous(continues), CS=collection set, F=free, TAMS=top-at-mark-start, PB=parsable bottom
|   0|0x00000000a2600000, 0x00000000a2700000, 0x00000000a2700000|100%|HS|  |TAMS 0x00000000a2600000| PB 0x00000000a2600000| Complete 
|   1|0x00000000a2700000, 0x00000000a2800000, 0x00000000a2800000|100%|HS|  |TAMS 0x00000000a2700000| PB 0x00000000a2700000| Complete 
|   2|0x00000000a2800000, 0x00000000a2900000, 0x00000000a2900000|100%| O|  |TAMS 0x00000000a2800000| PB 0x00000000a2800000| Untracked 
|   3|0x00000000a2900000, 0x00000000a2a00000, 0x00000000a2a00000|100%| O|  |TAMS 0x00000000a2900000| PB 0x00000000a2900000| Untracked 
|   4|0x00000000a2a00000, 0x00000000a2b00000, 0x00000000a2b00000|100%| O|  |TAMS 0x00000000a2a00000| PB 0x00000000a2a00000| Untracked 
|   5|0x00000000a2b00000, 0x00000000a2c00000, 0x00000000a2c00000|100%| O|  |TAMS 0x00000000a2b00000| PB 0x00000000a2b00000| Untracked 
|   6|0x00000000a2c00000, 0x00000000a2d00000, 0x00000000a2d00000|100%| O|  |TAMS 0x00000000a2c00000| PB 0x00000000a2c00000| Untracked 
|   7|0x00000000a2d00000, 0x00000000a2e00000, 0x00000000a2e00000|100%| O|  |TAMS 0x00000000a2d00000| PB 0x00000000a2d00000| Untracked 
|   8|0x00000000a2e00000, 0x00000000a2f00000, 0x00000000a2f00000|100%| O|  |TAMS 0x00000000a2e00000| PB 0x00000000a2e00000| Untracked 
|   9|0x00000000a2f00000, 0x00000000a3000000, 0x00000000a3000000|100%| O|  |TAMS 0x00000000a2f00000| PB 0x00000000a2f00000| Untracked 
|  10|0x00000000a3000000, 0x00000000a3100000, 0x00000000a3100000|100%| O|  |TAMS 0x00000000a3000000| PB 0x00000000a3000000| Untracked 
|  11|0x00000000a3100000, 0x00000000a3200000, 0x00000000a3200000|100%| O|  |TAMS 0x00000000a3100000| PB 0x00000000a3100000| Untracked 
|  12|0x00000000a3200000, 0x00000000a3300000, 0x00000000a3300000|100%| O|Cm|TAMS 0x00000000a3200000| PB 0x00000000a3200000| Complete 
|  13|0x00000000a3300000, 0x00000000a3400000, 0x00000000a3400000|100%| O|  |TAMS 0x00000000a3300000| PB 0x00000000a3300000| Untracked 
|  14|0x00000000a3400000, 0x00000000a3500000, 0x00000000a3500000|100%| O|  |TAMS 0x00000000a3400000| PB 0x00000000a3400000| Untracked 
|  15|0x00000000a3500000, 0x00000000a3600000, 0x00000000a3600000|100%| O|  |TAMS 0x00000000a3500000| PB 0x00000000a3500000| Untracked 
|  16|0x00000000a3600000, 0x00000000a3700000, 0x00000000a3700000|100%| O|  |TAMS 0x00000000a3600000| PB 0x00000000a3600000| Untracked 
|  17|0x00000000a3700000, 0x00000000a3800000, 0x00000000a3800000|100%| O|  |TAMS 0x00000000a3700000| PB 0x00000000a3700000| Untracked 
|  18|0x00000000a3800000, 0x00000000a3900000, 0x00000000a3900000|100%| O|  |TAMS 0x00000000a3800000| PB 0x00000000a3800000| Untracked 
|  19|0x00000000a3900000, 0x00000000a3a00000, 0x00000000a3a00000|100%| O|  |TAMS 0x00000000a3900000| PB 0x00000000a3900000| Untracked 
|  20|0x00000000a3a00000, 0x00000000a3b00000, 0x00000000a3b00000|100%| O|  |TAMS 0x00000000a3a00000| PB 0x00000000a3a00000| Untracked 
|  21|0x00000000a3b00000, 0x00000000a3b254a0, 0x00000000a3c00000| 14%| O|  |TAMS 0x00000000a3b00000| PB 0x00000000a3b00000| Untracked 
|  22|0x00000000a3c00000, 0x00000000a3c00000, 0x00000000a3d00000|  0%| F|  |TAMS 0x00000000a3c00000| PB 0x00000000a3c00000| Untracked 
|  23|0x00000000a3d00000, 0x00000000a3d00000, 0x00000000a3e00000|  0%| F|  |TAMS 0x00000000a3d00000| PB 0x00000000a3d00000| Untracked 
|  24|0x00000000a3e00000, 0x00000000a3e00000, 0x00000000a3f00000|  0%| F|  |TAMS 0x00000000a3e00000| PB 0x00000000a3e00000| Untracked 
|  25|0x00000000a3f00000, 0x00000000a3f00000, 0x00000000a4000000|  0%| F|  |TAMS 0x00000000a3f00000| PB 0x00000000a3f00000| Untracked 
|  26|0x00000000a4000000, 0x00000000a403f9f8, 0x00000000a4100000| 24%| S|CS|TAMS 0x00000000a4000000| PB 0x00000000a4000000| Complete 
|  27|0x00000000a4100000, 0x00000000a4200000, 0x00000000a4200000|100%| S|CS|TAMS 0x00000000a4100000| PB 0x00000000a4100000| Complete 
|  28|0x00000000a4200000, 0x00000000a4300000, 0x00000000a4300000|100%| S|CS|TAMS 0x00000000a4200000| PB 0x00000000a4200000| Complete 
|  29|0x00000000a4300000, 0x00000000a4400000, 0x00000000a4400000|100%| S|CS|TAMS 0x00000000a4300000| PB 0x00000000a4300000| Complete 
|  30|0x00000000a4400000, 0x00000000a4400000, 0x00000000a4500000|  0%| F|  |TAMS 0x00000000a4400000| PB 0x00000000a4400000| Untracked 
|  31|0x00000000a4500000, 0x00000000a4500000, 0x00000000a4600000|  0%| F|  |TAMS 0x00000000a4500000| PB 0x00000000a4500000| Untracked 
|  32|0x00000000a4600000, 0x00000000a4600000, 0x00000000a4700000|  0%| F|  |TAMS 0x00000000a4600000| PB 0x00000000a4600000| Untracked 
|  33|0x00000000a4700000, 0x00000000a4700000, 0x00000000a4800000|  0%| F|  |TAMS 0x00000000a4700000| PB 0x00000000a4700000| Untracked 
|  34|0x00000000a4800000, 0x00000000a4800000, 0x00000000a4900000|  0%| F|  |TAMS 0x00000000a4800000| PB 0x00000000a4800000| Untracked 
|  35|0x00000000a4900000, 0x00000000a4900000, 0x00000000a4a00000|  0%| F|  |TAMS 0x00000000a4900000| PB 0x00000000a4900000| Untracked 
|  36|0x00000000a4a00000, 0x00000000a4a9fee8, 0x00000000a4b00000| 62%| E|  |TAMS 0x00000000a4a00000| PB 0x00000000a4a00000| Complete 
|  37|0x00000000a4b00000, 0x00000000a4c00000, 0x00000000a4c00000|100%| E|CS|TAMS 0x00000000a4b00000| PB 0x00000000a4b00000| Complete 
|  38|0x00000000a4c00000, 0x00000000a4d00000, 0x00000000a4d00000|100%| E|CS|TAMS 0x00000000a4c00000| PB 0x00000000a4c00000| Complete 
|  39|0x00000000a4d00000, 0x00000000a4e00000, 0x00000000a4e00000|100%| E|CS|TAMS 0x00000000a4d00000| PB 0x00000000a4d00000| Complete 
|  40|0x00000000a4e00000, 0x00000000a4f00000, 0x00000000a4f00000|100%| E|CS|TAMS 0x00000000a4e00000| PB 0x00000000a4e00000| Complete 
|  41|0x00000000a4f00000, 0x00000000a5000000, 0x00000000a5000000|100%| E|CS|TAMS 0x00000000a4f00000| PB 0x00000000a4f00000| Complete 
|  42|0x00000000a5000000, 0x00000000a5100000, 0x00000000a5100000|100%| E|CS|TAMS 0x00000000a5000000| PB 0x00000000a5000000| Complete 
|  43|0x00000000a5100000, 0x00000000a5200000, 0x00000000a5200000|100%| E|CS|TAMS 0x00000000a5100000| PB 0x00000000a5100000| Complete 
|  44|0x00000000a5200000, 0x00000000a5300000, 0x00000000a5300000|100%| E|CS|TAMS 0x00000000a5200000| PB 0x00000000a5200000| Complete 
|  45|0x00000000a5300000, 0x00000000a5400000, 0x00000000a5400000|100%| E|CS|TAMS 0x00000000a5300000| PB 0x00000000a5300000| Complete 
|  46|0x00000000a5400000, 0x00000000a5500000, 0x00000000a5500000|100%| E|CS|TAMS 0x00000000a5400000| PB 0x00000000a5400000| Complete 
|  47|0x00000000a5500000, 0x00000000a5600000, 0x00000000a5600000|100%| E|CS|TAMS 0x00000000a5500000| PB 0x00000000a5500000| Complete 
|  48|0x00000000a5600000, 0x00000000a5700000, 0x00000000a5700000|100%| E|CS|TAMS 0x00000000a5600000| PB 0x00000000a5600000| Complete 
|  49|0x00000000a5700000, 0x00000000a5800000, 0x00000000a5800000|100%| E|CS|TAMS 0x00000000a5700000| PB 0x00000000a5700000| Complete 
|  50|0x00000000a5800000, 0x00000000a5900000, 0x00000000a5900000|100%| E|CS|TAMS 0x00000000a5800000| PB 0x00000000a5800000| Complete 
|  51|0x00000000a5900000, 0x00000000a5a00000, 0x00000000a5a00000|100%| E|CS|TAMS 0x00000000a5900000| PB 0x00000000a5900000| Complete 
|  52|0x00000000a5a00000, 0x00000000a5b00000, 0x00000000a5b00000|100%| E|CS|TAMS 0x00000000a5a00000| PB 0x00000000a5a00000| Complete 
|  53|0x00000000a5b00000, 0x00000000a5c00000, 0x00000000a5c00000|100%| E|CS|TAMS 0x00000000a5b00000| PB 0x00000000a5b00000| Complete 
|  54|0x00000000a5c00000, 0x00000000a5d00000, 0x00000000a5d00000|100%| E|CS|TAMS 0x00000000a5c00000| PB 0x00000000a5c00000| Complete 
|  55|0x00000000a5d00000, 0x00000000a5e00000, 0x00000000a5e00000|100%| E|CS|TAMS 0x00000000a5d00000| PB 0x00000000a5d00000| Complete 
|  56|0x00000000a5e00000, 0x00000000a5f00000, 0x00000000a5f00000|100%| E|CS|TAMS 0x00000000a5e00000| PB 0x00000000a5e00000| Complete 
|  57|0x00000000a5f00000, 0x00000000a6000000, 0x00000000a6000000|100%| E|CS|TAMS 0x00000000a5f00000| PB 0x00000000a5f00000| Complete 
|  58|0x00000000a6000000, 0x00000000a6100000, 0x00000000a6100000|100%| E|CS|TAMS 0x00000000a6000000| PB 0x00000000a6000000| Complete 
|  59|0x00000000a6100000, 0x00000000a6200000, 0x00000000a6200000|100%| E|CS|TAMS 0x00000000a6100000| PB 0x00000000a6100000| Complete 
|  60|0x00000000a6200000, 0x00000000a6300000, 0x00000000a6300000|100%| E|CS|TAMS 0x00000000a6200000| PB 0x00000000a6200000| Complete 
|  61|0x00000000a6300000, 0x00000000a6400000, 0x00000000a6400000|100%| E|CS|TAMS 0x00000000a6300000| PB 0x00000000a6300000| Complete 
|  62|0x00000000a6400000, 0x00000000a6500000, 0x00000000a6500000|100%| E|CS|TAMS 0x00000000a6400000| PB 0x00000000a6400000| Complete 
|  63|0x00000000a6500000, 0x00000000a6600000, 0x00000000a6600000|100%| E|CS|TAMS 0x00000000a6500000| PB 0x00000000a6500000| Complete 
|  64|0x00000000a6600000, 0x00000000a6700000, 0x00000000a6700000|100%| E|CS|TAMS 0x00000000a6600000| PB 0x00000000a6600000| Complete 
|  65|0x00000000a6700000, 0x00000000a6800000, 0x00000000a6800000|100%| E|CS|TAMS 0x00000000a6700000| PB 0x00000000a6700000| Complete 
|  66|0x00000000a6800000, 0x00000000a6900000, 0x00000000a6900000|100%| E|CS|TAMS 0x00000000a6800000| PB 0x00000000a6800000| Complete 
|  67|0x00000000a6900000, 0x00000000a6a00000, 0x00000000a6a00000|100%| E|CS|TAMS 0x00000000a6900000| PB 0x00000000a6900000| Complete 
|  78|0x00000000a7400000, 0x00000000a7500000, 0x00000000a7500000|100%| E|CS|TAMS 0x00000000a7400000| PB 0x00000000a7400000| Complete 
|  79|0x00000000a7500000, 0x00000000a7600000, 0x00000000a7600000|100%| E|CS|TAMS 0x00000000a7500000| PB 0x00000000a7500000| Complete 
|  92|0x00000000a8200000, 0x00000000a8300000, 0x00000000a8300000|100%| E|CS|TAMS 0x00000000a8200000| PB 0x00000000a8200000| Complete 
|  93|0x00000000a8300000, 0x00000000a8400000, 0x00000000a8400000|100%| E|CS|TAMS 0x00000000a8300000| PB 0x00000000a8300000| Complete 

Card table byte_map: [0x000002056d750000,0x000002056da40000] _byte_map_base: 0x000002056d23d000

Marking Bits: (CMBitMap*) 0x0000020566684280
 Bits: [0x000002056da40000, 0x000002056f1a8000)

Polling page: 0x0000020564550000

Metaspace:

Usage:
  Non-class:     56.47 MB used.
      Class:      8.69 MB used.
       Both:     65.16 MB used.

Virtual space:
  Non-class space:       64.00 MB reserved,      56.88 MB ( 89%) committed,  1 nodes.
      Class space:        1.00 GB reserved,       8.94 MB ( <1%) committed,  1 nodes.
             Both:        1.06 GB reserved,      65.81 MB (  6%) committed. 

Chunk freelists:
   Non-Class:  7.04 MB
       Class:  7.00 MB
        Both:  14.04 MB

MaxMetaspaceSize: unlimited
CompressedClassSpaceSize: 1.00 GB
Initial GC threshold: 21.00 MB
Current GC threshold: 98.56 MB
CDS: off
 - commit_granule_bytes: 65536.
 - commit_granule_words: 8192.
 - virtual_space_node_default_size: 8388608.
 - enlarge_chunks_in_place: 1.
 - use_allocation_guard: 0.


Internal statistics:

num_allocs_failed_limit: 9.
num_arena_births: 898.
num_arena_deaths: 0.
num_vsnodes_births: 2.
num_vsnodes_deaths: 0.
num_space_committed: 1053.
num_space_uncommitted: 0.
num_chunks_returned_to_freelist: 9.
num_chunks_taken_from_freelist: 2895.
num_chunk_merges: 6.
num_chunk_splits: 2088.
num_chunks_enlarged: 1611.
num_inconsistent_stats: 0.

CodeCache: size=49152Kb used=10321Kb max_used=12002Kb free=38831Kb
 bounds [0x000002056a130000, 0x000002056ad50000, 0x000002056d130000]
 total_blobs=5963 nmethods=5293 adapters=592
 compilation: enabled
              stopped_count=0, restarted_count=0
 full_count=0

Compilation events (20 events):
Event: 201.864 Thread 0x00000205773528a0 5332       1       java.lang.ReflectiveOperationException::<init> (6 bytes)
Event: 201.864 Thread 0x0000020576045710 nmethod 5331 0x000002056a2e7290 code [0x000002056a2e7440, 0x000002056a2e7590]
Event: 201.864 Thread 0x00000205793491d0 nmethod 5333 0x000002056a2e6f90 code [0x000002056a2e7120, 0x000002056a2e7218]
Event: 201.864 Thread 0x00000205773528a0 nmethod 5332 0x000002056a2e6c90 code [0x000002056a2e6e20, 0x000002056a2e6f18]
Event: 203.217 Thread 0x0000020579349880 5334       1       java.util.concurrent.ThreadPoolExecutor::isShutdown (12 bytes)
Event: 203.218 Thread 0x0000020579349880 nmethod 5334 0x000002056a2e6910 code [0x000002056a2e6aa0, 0x000002056a2e6b88]
Event: 207.865 Thread 0x00000205793491d0 5335       1       java.util.concurrent.locks.AbstractQueuedSynchronizer$ConditionObject::canReacquire (38 bytes)
Event: 207.866 Thread 0x00000205793491d0 nmethod 5335 0x000002056a2e6510 code [0x000002056a2e66a0, 0x000002056a2e6800]
Event: 210.367 Thread 0x00000205793491d0 5336       1       org.sqlite.core.SafeStmtPtr::isClosed (5 bytes)
Event: 210.367 Thread 0x00000205793491d0 nmethod 5336 0x000002056a2e6210 code [0x000002056a2e63a0, 0x000002056a2e6470]
Event: 232.299 Thread 0x0000020576045710 5337       1       java.util.concurrent.ScheduledThreadPoolExecutor::canRunInCurrentRunState (61 bytes)
Event: 232.299 Thread 0x0000020576045710 nmethod 5337 0x000002056a2e5b90 code [0x000002056a2e5d40, 0x000002056a2e5ff8]
Event: 234.119 Thread 0x0000020576045710 5338       1       org.sqlite.core.DB::getConfig (5 bytes)
Event: 234.119 Thread 0x0000020576045710 nmethod 5338 0x000002056a2e5890 code [0x000002056a2e5a20, 0x000002056a2e5ae8]
Event: 243.119 Thread 0x0000020576045710 5339       1       java.util.concurrent.locks.LockSupport::setBlocker (12 bytes)
Event: 243.119 Thread 0x0000020576045710 nmethod 5339 0x000002056a2e5590 code [0x000002056a2e5720, 0x000002056a2e5828]
Event: 253.274 Thread 0x0000020576045710 5340       1       org.apache.catalina.util.LifecycleBase::fireLifecycleEvent (56 bytes)
Event: 253.274 Thread 0x0000020576045710 nmethod 5340 0x000002056a2e4e90 code [0x000002056a2e5080, 0x000002056a2e5420]
Event: 253.274 Thread 0x0000020576045710 5341       1       org.apache.catalina.LifecycleEvent::<init> (16 bytes)
Event: 253.274 Thread 0x0000020576045710 nmethod 5341 0x000002056a2e4990 code [0x000002056a2e4b40, 0x000002056a2e4dd0]

GC Heap History (20 events):
Event: 2.549 GC heap before
{Heap before GC invocations=14 (full 0):
 garbage-first heap   total 51200K, used 42291K [0x00000000a2600000, 0x0000000100000000)
  region size 1024K, 29 young (29696K), 4 survivors (4096K)
 Metaspace       used 38590K, committed 39104K, reserved 1114112K
  class space    used 4713K, committed 4928K, reserved 1048576K
}
Event: 2.552 GC heap after
{Heap after GC invocations=15 (full 0):
 garbage-first heap   total 51200K, used 17628K [0x00000000a2600000, 0x0000000100000000)
  region size 1024K, 3 young (3072K), 3 survivors (3072K)
 Metaspace       used 38590K, committed 39104K, reserved 1114112K
  class space    used 4713K, committed 4928K, reserved 1048576K
}
Event: 2.807 GC heap before
{Heap before GC invocations=15 (full 0):
 garbage-first heap   total 51200K, used 44252K [0x00000000a2600000, 0x0000000100000000)
  region size 1024K, 29 young (29696K), 3 survivors (3072K)
 Metaspace       used 40793K, committed 41216K, reserved 1114112K
  class space    used 5059K, committed 5248K, reserved 1048576K
}
Event: 2.810 GC heap after
{Heap after GC invocations=16 (full 0):
 garbage-first heap   total 51200K, used 19124K [0x00000000a2600000, 0x0000000100000000)
  region size 1024K, 3 young (3072K), 3 survivors (3072K)
 Metaspace       used 40793K, committed 41216K, reserved 1114112K
  class space    used 5059K, committed 5248K, reserved 1048576K
}
Event: 3.018 GC heap before
{Heap before GC invocations=16 (full 0):
 garbage-first heap   total 51200K, used 44724K [0x00000000a2600000, 0x0000000100000000)
  region size 1024K, 28 young (28672K), 3 survivors (3072K)
 Metaspace       used 42876K, committed 43520K, reserved 1114112K
  class space    used 5330K, committed 5632K, reserved 1048576K
}
Event: 3.021 GC heap after
{Heap after GC invocations=17 (full 0):
 garbage-first heap   total 61440K, used 20460K [0x00000000a2600000, 0x0000000100000000)
  region size 1024K, 4 young (4096K), 4 survivors (4096K)
 Metaspace       used 42876K, committed 43520K, reserved 1114112K
  class space    used 5330K, committed 5632K, reserved 1048576K
}
Event: 3.285 GC heap before
{Heap before GC invocations=17 (full 0):
 garbage-first heap   total 61440K, used 52204K [0x00000000a2600000, 0x0000000100000000)
  region size 1024K, 36 young (36864K), 4 survivors (4096K)
 Metaspace       used 45813K, committed 46400K, reserved 1114112K
  class space    used 5728K, committed 6016K, reserved 1048576K
}
Event: 3.288 GC heap after
{Heap after GC invocations=18 (full 0):
 garbage-first heap   total 61440K, used 22021K [0x00000000a2600000, 0x0000000100000000)
  region size 1024K, 3 young (3072K), 3 survivors (3072K)
 Metaspace       used 45813K, committed 46400K, reserved 1114112K
  class space    used 5728K, committed 6016K, reserved 1048576K
}
Event: 3.480 GC heap before
{Heap before GC invocations=18 (full 0):
 garbage-first heap   total 61440K, used 54789K [0x00000000a2600000, 0x0000000100000000)
  region size 1024K, 35 young (35840K), 3 survivors (3072K)
 Metaspace       used 49107K, committed 49728K, reserved 1114112K
  class space    used 6227K, committed 6528K, reserved 1048576K
}
Event: 3.482 GC heap after
{Heap after GC invocations=19 (full 0):
 garbage-first heap   total 61440K, used 22314K [0x00000000a2600000, 0x0000000100000000)
  region size 1024K, 4 young (4096K), 4 survivors (4096K)
 Metaspace       used 49107K, committed 49728K, reserved 1114112K
  class space    used 6227K, committed 6528K, reserved 1048576K
}
Event: 3.676 GC heap before
{Heap before GC invocations=19 (full 0):
 garbage-first heap   total 61440K, used 53034K [0x00000000a2600000, 0x0000000100000000)
  region size 1024K, 34 young (34816K), 4 survivors (4096K)
 Metaspace       used 51947K, committed 52608K, reserved 1114112K
  class space    used 6688K, committed 6976K, reserved 1048576K
}
Event: 3.679 GC heap after
{Heap after GC invocations=20 (full 0):
 garbage-first heap   total 61440K, used 23020K [0x00000000a2600000, 0x0000000100000000)
  region size 1024K, 3 young (3072K), 3 survivors (3072K)
 Metaspace       used 51947K, committed 52608K, reserved 1114112K
  class space    used 6688K, committed 6976K, reserved 1048576K
}
Event: 3.936 GC heap before
{Heap before GC invocations=20 (full 0):
 garbage-first heap   total 61440K, used 54764K [0x00000000a2600000, 0x0000000100000000)
  region size 1024K, 34 young (34816K), 3 survivors (3072K)
 Metaspace       used 54130K, committed 54720K, reserved 1114112K
  class space    used 6994K, committed 7296K, reserved 1048576K
}
Event: 3.939 GC heap after
{Heap after GC invocations=21 (full 0):
 garbage-first heap   total 73728K, used 23565K [0x00000000a2600000, 0x0000000100000000)
  region size 1024K, 4 young (4096K), 4 survivors (4096K)
 Metaspace       used 54130K, committed 54720K, reserved 1114112K
  class space    used 6994K, committed 7296K, reserved 1048576K
}
Event: 4.211 GC heap before
{Heap before GC invocations=21 (full 0):
 garbage-first heap   total 73728K, used 63501K [0x00000000a2600000, 0x0000000100000000)
  region size 1024K, 43 young (44032K), 4 survivors (4096K)
 Metaspace       used 57902K, committed 58496K, reserved 1114112K
  class space    used 7461K, committed 7744K, reserved 1048576K
}
Event: 4.214 GC heap after
{Heap after GC invocations=22 (full 0):
 garbage-first heap   total 73728K, used 24411K [0x00000000a2600000, 0x0000000100000000)
  region size 1024K, 4 young (4096K), 4 survivors (4096K)
 Metaspace       used 57902K, committed 58496K, reserved 1114112K
  class space    used 7461K, committed 7744K, reserved 1048576K
}
Event: 4.292 GC heap before
{Heap before GC invocations=22 (full 0):
 garbage-first heap   total 73728K, used 36699K [0x00000000a2600000, 0x0000000100000000)
  region size 1024K, 18 young (18432K), 4 survivors (4096K)
 Metaspace       used 59769K, committed 60288K, reserved 1114112K
  class space    used 7824K, committed 8064K, reserved 1048576K
}
Event: 4.296 GC heap after
{Heap after GC invocations=23 (full 0):
 garbage-first heap   total 73728K, used 24535K [0x00000000a2600000, 0x0000000100000000)
  region size 1024K, 3 young (3072K), 3 survivors (3072K)
 Metaspace       used 59769K, committed 60288K, reserved 1114112K
  class space    used 7824K, committed 8064K, reserved 1048576K
}
Event: 4.628 GC heap before
{Heap before GC invocations=24 (full 0):
 garbage-first heap   total 73728K, used 63447K [0x00000000a2600000, 0x0000000100000000)
  region size 1024K, 42 young (43008K), 3 survivors (3072K)
 Metaspace       used 63811K, committed 64512K, reserved 1114112K
  class space    used 8471K, committed 8768K, reserved 1048576K
}
Event: 4.630 GC heap after
{Heap after GC invocations=25 (full 0):
 garbage-first heap   total 73728K, used 24979K [0x00000000a2600000, 0x0000000100000000)
  region size 1024K, 4 young (4096K), 4 survivors (4096K)
 Metaspace       used 63811K, committed 64512K, reserved 1114112K
  class space    used 8471K, committed 8768K, reserved 1048576K
}

Dll operation events (13 events):
Event: 0.015 Loaded shared library C:\Program Files (x86)\spring-tool-suite\plugins\org.eclipse.justj.openjdk.hotspot.jre.full.win32.x86_64_21.0.4.v20240802-1551\jre\bin\java.dll
Event: 0.018 Loaded shared library C:\Program Files (x86)\spring-tool-suite\plugins\org.eclipse.justj.openjdk.hotspot.jre.full.win32.x86_64_21.0.4.v20240802-1551\jre\bin\zip.dll
Event: 0.280 Loaded shared library C:\Program Files (x86)\spring-tool-suite\plugins\org.eclipse.justj.openjdk.hotspot.jre.full.win32.x86_64_21.0.4.v20240802-1551\jre\bin\instrument.dll
Event: 0.289 Loaded shared library C:\Program Files (x86)\spring-tool-suite\plugins\org.eclipse.justj.openjdk.hotspot.jre.full.win32.x86_64_21.0.4.v20240802-1551\jre\bin\net.dll
Event: 0.290 Loaded shared library C:\Program Files (x86)\spring-tool-suite\plugins\org.eclipse.justj.openjdk.hotspot.jre.full.win32.x86_64_21.0.4.v20240802-1551\jre\bin\nio.dll
Event: 0.300 Loaded shared library C:\Program Files (x86)\spring-tool-suite\plugins\org.eclipse.justj.openjdk.hotspot.jre.full.win32.x86_64_21.0.4.v20240802-1551\jre\bin\zip.dll
Event: 0.469 Loaded shared library C:\Program Files (x86)\spring-tool-suite\plugins\org.eclipse.justj.openjdk.hotspot.jre.full.win32.x86_64_21.0.4.v20240802-1551\jre\bin\jimage.dll
Event: 0.518 Loaded shared library C:\Program Files (x86)\spring-tool-suite\plugins\org.eclipse.justj.openjdk.hotspot.jre.full.win32.x86_64_21.0.4.v20240802-1551\jre\bin\management.dll
Event: 0.529 Loaded shared library C:\Program Files (x86)\spring-tool-suite\plugins\org.eclipse.justj.openjdk.hotspot.jre.full.win32.x86_64_21.0.4.v20240802-1551\jre\bin\management_ext.dll
Event: 0.727 Loaded shared library C:\Program Files (x86)\spring-tool-suite\plugins\org.eclipse.justj.openjdk.hotspot.jre.full.win32.x86_64_21.0.4.v20240802-1551\jre\bin\extnet.dll
Event: 0.751 Loaded shared library C:\Program Files (x86)\spring-tool-suite\plugins\org.eclipse.justj.openjdk.hotspot.jre.full.win32.x86_64_21.0.4.v20240802-1551\jre\bin\verify.dll
Event: 2.001 Loaded shared library C:\Program Files (x86)\spring-tool-suite\plugins\org.eclipse.justj.openjdk.hotspot.jre.full.win32.x86_64_21.0.4.v20240802-1551\jre\bin\sunmscapi.dll
Event: 3.800 Loaded shared library C:\Users\Barbosa DK\AppData\Local\Temp\sqlite-3.49.1.0-3f0fb9c6-9b4d-4a3f-a49e-da2f2a2d733c-sqlitejdbc.dll

Deoptimization events (20 events):
Event: 253.986 Thread 0x000002057738aa60 DEOPT PACKING pc=0x000002056a2ecc04 sp=0x000000279bffe210
Event: 253.986 Thread 0x000002057738aa60 DEOPT UNPACKING pc=0x000002056a184e42 sp=0x000000279bffd710 mode 1
Event: 253.986 Thread 0x000002057738aa60 DEOPT PACKING pc=0x000002056a2e8c0c sp=0x000000279bffe2c0
Event: 253.986 Thread 0x000002057738aa60 DEOPT UNPACKING pc=0x000002056a184e42 sp=0x000000279bffd830 mode 1
Event: 253.987 Thread 0x000002057738aa60 DEOPT PACKING pc=0x000002056a2ed904 sp=0x000000279bffe3f0
Event: 253.987 Thread 0x000002057738aa60 DEOPT UNPACKING pc=0x000002056a184e42 sp=0x000000279bffd920 mode 1
Event: 253.987 Thread 0x000002057738aa60 DEOPT PACKING pc=0x000002056a30de4c sp=0x000000279bffe4d0
Event: 253.987 Thread 0x000002057738aa60 DEOPT UNPACKING pc=0x000002056a184e42 sp=0x000000279bffd9a0 mode 1
Event: 253.987 Thread 0x000002057738aa60 DEOPT PACKING pc=0x000002056a310a7c sp=0x000000279bffe550
Event: 253.987 Thread 0x000002057738aa60 DEOPT UNPACKING pc=0x000002056a184e42 sp=0x000000279bffda48 mode 1
Event: 253.987 Thread 0x000002057738aa60 DEOPT PACKING pc=0x000002056a2eef3c sp=0x000000279bffe680
Event: 253.987 Thread 0x000002057738aa60 DEOPT UNPACKING pc=0x000002056a184e42 sp=0x000000279bffdba8 mode 1
Event: 253.987 Thread 0x000002057738aa60 DEOPT PACKING pc=0x000002056a2f17b4 sp=0x000000279bffe770
Event: 253.987 Thread 0x000002057738aa60 DEOPT UNPACKING pc=0x000002056a184e42 sp=0x000000279bffdbd8 mode 1
Event: 253.987 Thread 0x000002057738aa60 DEOPT PACKING pc=0x000002056aa56444 sp=0x000000279bffe870
Event: 253.987 Thread 0x000002057738aa60 DEOPT UNPACKING pc=0x000002056a184e42 sp=0x000000279bffdd60 mode 1
Event: 253.987 Thread 0x000002057738aa60 DEOPT PACKING pc=0x000002056a30217c sp=0x000000279bffea10
Event: 253.987 Thread 0x000002057738aa60 DEOPT UNPACKING pc=0x000002056a184e42 sp=0x000000279bffdf98 mode 1
Event: 254.203 Thread 0x0000020577410220 DEOPT PACKING pc=0x000002056a56cffc sp=0x000000279c2fd610
Event: 254.203 Thread 0x0000020577410220 DEOPT UNPACKING pc=0x000002056a184e42 sp=0x000000279c2fcac8 mode 0

Classes loaded (20 events):
Event: 4.142 Loading class java/util/WeakHashMap$EntryIterator
Event: 4.142 Loading class java/util/WeakHashMap$HashIterator
Event: 4.142 Loading class java/util/WeakHashMap$HashIterator done
Event: 4.142 Loading class java/util/WeakHashMap$EntryIterator done
Event: 4.159 Loading class sun/reflect/annotation/TypeAnnotation$TypeAnnotationTargetInfo
Event: 4.159 Loading class sun/reflect/annotation/TypeAnnotation$TypeAnnotationTargetInfo done
Event: 4.194 Loading class java/util/concurrent/CancellationException
Event: 4.194 Loading class java/util/concurrent/CancellationException done
Event: 4.431 Loading class java/util/ArrayList$ListItr
Event: 4.432 Loading class java/util/ArrayList$ListItr done
Event: 4.477 Loading class java/util/AbstractList$SubList
Event: 4.477 Loading class java/util/AbstractList$SubList done
Event: 4.571 Loading class java/lang/foreign/ValueLayout
Event: 4.571 Loading class java/lang/foreign/MemoryLayout
Event: 4.571 Loading class java/lang/foreign/MemoryLayout done
Event: 4.571 Loading class java/lang/foreign/ValueLayout done
Event: 4.577 Loading class jdk/internal/org/objectweb/asm/ClassReader
Event: 4.578 Loading class jdk/internal/org/objectweb/asm/ClassReader done
Event: 4.836 Loading class javax/naming/Reference
Event: 4.836 Loading class javax/naming/Reference done

Classes unloaded (0 events):
No events

Classes redefined (2 events):
Event: 197.536 Thread 0x0000020571e2f7e0 redefined class name=com.produtoapi.repository.ProdutoRepository, count=1
Event: 254.219 Thread 0x0000020571e2f7e0 redefined class name=com.produtoapi.service.ProdutoService, count=1

Internal exceptions (20 events):
Event: 3.865 Thread 0x0000020577410220 Exception <a 'java/lang/NoSuchMethodError'{0x00000000a4f7a1c8}: 'int java.lang.invoke.Invokers$Holder.invokeExact_MT(java.lang.Object, java.lang.Object)'> (0x00000000a4f7a1c8) 
thrown [s\src\hotspot\share\interpreter\linkResolver.cpp, line 773]
Event: 4.045 Thread 0x0000020577410220 Exception <a 'java/lang/NoSuchMethodError'{0x00000000a6062f58}: 'java.lang.Object java.lang.invoke.DirectMethodHandle$Holder.newInvokeSpecial(java.lang.Object, java.lang.Object, int)'> (0x00000000a6062f58) 
thrown [s\src\hotspot\share\interpreter\linkResolver.cpp, line 773]
Event: 4.200 Thread 0x0000020577410220 Exception <a 'java/lang/IncompatibleClassChangeError'{0x00000000a481d300}: Found class java.lang.Object, but interface was expected> (0x00000000a481d300) 
thrown [s\src\hotspot\share\interpreter\linkResolver.cpp, line 840]
Event: 4.218 Thread 0x0000020577410220 Exception <a 'java/lang/NoSuchMethodError'{0x00000000a838a7c8}: 'java.lang.Object java.lang.invoke.DirectMethodHandle$Holder.invokeStatic(java.lang.Object, java.lang.Object, int, java.lang.Object)'> (0x00000000a838a7c8) 
thrown [s\src\hotspot\share\interpreter\linkResolver.cpp, line 773]
Event: 4.218 Thread 0x0000020577410220 Exception <a 'java/lang/NoSuchMethodError'{0x00000000a838dff0}: 'java.lang.Object java.lang.invoke.DirectMethodHandle$Holder.invokeStaticInit(java.lang.Object, java.lang.Object, int, java.lang.Object)'> (0x00000000a838dff0) 
thrown [s\src\hotspot\share\interpreter\linkResolver.cpp, line 773]
Event: 4.626 Thread 0x0000020577410220 Exception <a 'java/lang/NoSuchMethodError'{0x00000000a44ca010}: 'long java.lang.invoke.DelegatingMethodHandle$Holder.reinvoke_L(java.lang.Object, java.lang.Object)'> (0x00000000a44ca010) 
thrown [s\src\hotspot\share\interpreter\linkResolver.cpp, line 773]
Event: 4.626 Thread 0x0000020577410220 Exception <a 'java/lang/NoSuchMethodError'{0x00000000a44d40d8}: 'void java.lang.invoke.DelegatingMethodHandle$Holder.reinvoke_L(java.lang.Object, java.lang.Object, long)'> (0x00000000a44d40d8) 
thrown [s\src\hotspot\share\interpreter\linkResolver.cpp, line 773]
Event: 4.626 Thread 0x0000020577410220 Exception <a 'java/lang/NoSuchMethodError'{0x00000000a44dabb0}: 'long java.lang.invoke.Invokers$Holder.invokeExact_MT(java.lang.Object, java.lang.Object, java.lang.Object)'> (0x00000000a44dabb0) 
thrown [s\src\hotspot\share\interpreter\linkResolver.cpp, line 773]
Event: 4.655 Thread 0x0000020577410220 Exception <a 'java/lang/NoSuchMethodError'{0x00000000a75cc548}: 'void java.lang.invoke.DirectMethodHandle$Holder.invokeInterface(java.lang.Object, java.lang.Object, int, java.lang.Object)'> (0x00000000a75cc548) 
thrown [s\src\hotspot\share\interpreter\linkResolver.cpp, line 773]
Event: 4.658 Thread 0x0000020577410220 Exception <a 'java/lang/NoSuchMethodError'{0x00000000a7421458}: 'java.lang.Object java.lang.invoke.DirectMethodHandle$Holder.newInvokeSpecial(java.lang.Object, java.lang.Object, int, java.lang.Object)'> (0x00000000a7421458) 
thrown [s\src\hotspot\share\interpreter\linkResolver.cpp, line 773]
Event: 4.670 Thread 0x0000020577410220 Exception <a 'java/lang/NoSuchMethodError'{0x00000000a69d9c98}: 'void java.lang.invoke.DirectMethodHandle$Holder.invokeSpecial(java.lang.Object, java.lang.Object, java.lang.Object, java.lang.Object, java.lang.Object, java.lang.Object, java.lang.Object, java.lang.Object)'> (0x00000000a69d9c98) 
thrown [s\src\hotspot\share\interpreter\linkResolver.cpp, line 773]
Event: 4.676 Thread 0x0000020577410220 Exception <a 'java/lang/NoSuchMethodError'{0x00000000a68724f8}: 'void java.lang.invoke.DirectMethodHandle$Holder.invokeSpecial(java.lang.Object, java.lang.Object, int, java.lang.Object)'> (0x00000000a68724f8) 
thrown [s\src\hotspot\share\interpreter\linkResolver.cpp, line 773]
Event: 4.677 Thread 0x0000020577410220 Exception <a 'java/lang/IncompatibleClassChangeError'{0x00000000a6878ba0}: Found class java.lang.Object, but interface was expected> (0x00000000a6878ba0) 
thrown [s\src\hotspot\share\interpreter\linkResolver.cpp, line 840]
Event: 4.702 Thread 0x0000020577410220 Exception <a 'java/lang/NoSuchMethodError'{0x00000000a6324de0}: 'java.lang.Object java.lang.invoke.DirectMethodHandle$Holder.newInvokeSpecial(java.lang.Object, java.lang.Object, java.lang.Object, java.lang.Object, java.lang.Object, int, java.lang.Object)'> (0x00000000a6324de0) 
thrown [s\src\hotspot\share\interpreter\linkResolver.cpp, line 773]
Event: 4.705 Thread 0x0000020577410220 Exception <a 'java/lang/NoSuchMethodError'{0x00000000a637a668}: 'java.lang.Object java.lang.invoke.Invokers$Holder.linkToTargetMethod(java.lang.Object, java.lang.Object, java.lang.Object, java.lang.Object, java.lang.Object, java.lang.Object, java.lang.Object, java.lang.Object, java.lang.Object, java.lang.Object, java.lang.Object, java.lang.Object)'> (0x00000000a637a668) 
thrown [s\src\hotspot\share\interpreter\linkResolver.cpp, line 773]
Event: 4.734 Thread 0x0000020577410220 Exception <a 'java/lang/IncompatibleClassChangeError'{0x00000000a5fdb388}: Found class java.lang.Object, but interface was expected> (0x00000000a5fdb388) 
thrown [s\src\hotspot\share\interpreter\linkResolver.cpp, line 840]
Event: 4.748 Thread 0x0000020577410220 Exception <a 'java/lang/NoSuchMethodError'{0x00000000a5d12960}: 'java.lang.Object java.lang.invoke.DirectMethodHandle$Holder.newInvokeSpecial(java.lang.Object, java.lang.Object, java.lang.Object, java.lang.Object, java.lang.Object, java.lang.Object, java.lang.Object, int)'> (0x00000000a5d12960) 
thrown [s\src\hotspot\share\interpreter\linkResolver.cpp, line 773]
Event: 4.748 Thread 0x0000020577410220 Exception <a 'java/lang/NoSuchMethodError'{0x00000000a5d16fa0}: 'java.lang.Object java.lang.invoke.DirectMethodHandle$Holder.invokeSpecial(java.lang.Object, java.lang.Object, java.lang.Object, java.lang.Object, java.lang.Object, java.lang.Object, java.lang.Object, java.lang.Object, int)'> (0x00000000a5d16fa0) 
thrown [s\src\hotspot\share\interpreter\linkResolver.cpp, line 773]
Event: 4.748 Thread 0x0000020577410220 Exception <a 'java/lang/NoSuchMethodError'{0x00000000a5d1afc8}: 'java.lang.Object java.lang.invoke.Invokers$Holder.linkToTargetMethod(java.lang.Object, java.lang.Object, java.lang.Object, java.lang.Object, java.lang.Object, java.lang.Object, int, java.lang.Object)'> (0x00000000a5d1afc8) 
thrown [s\src\hotspot\share\interpreter\linkResolver.cpp, line 773]
Event: 4.827 Thread 0x0000020577410220 Exception <a 'java/lang/NoSuchMethodError'{0x00000000a536d830}: 'java.lang.Object java.lang.invoke.DirectMethodHandle$Holder.newInvokeSpecial(java.lang.Object, java.lang.Object, long)'> (0x00000000a536d830) 
thrown [s\src\hotspot\share\interpreter\linkResolver.cpp, line 773]

ZGC Phase Switch (0 events):
No events

VM Operations (20 events):
Event: 135.814 Executing VM operation: Cleanup
Event: 135.814 Executing VM operation: Cleanup done
Event: 180.170 Executing VM operation: Cleanup
Event: 180.170 Executing VM operation: Cleanup done
Event: 181.180 Executing VM operation: Cleanup
Event: 181.180 Executing VM operation: Cleanup done
Event: 197.529 Executing VM operation: RedefineClasses
Event: 197.553 Executing VM operation: RedefineClasses done
Event: 198.557 Executing VM operation: Cleanup
Event: 198.557 Executing VM operation: Cleanup done
Event: 202.595 Executing VM operation: Cleanup
Event: 202.595 Executing VM operation: Cleanup done
Event: 254.203 Executing VM operation: ChangeSingleStep
Event: 254.203 Executing VM operation: ChangeSingleStep done
Event: 254.203 Executing VM operation: ChangeSingleStep
Event: 254.203 Executing VM operation: ChangeSingleStep done
Event: 254.215 Executing VM operation: RedefineClasses
Event: 254.233 Executing VM operation: RedefineClasses done
Event: 254.235 Executing VM operation: ChangeSingleStep
Event: 254.235 Executing VM operation: ChangeSingleStep done

Memory protections (0 events):
No events

Nmethod flushes (20 events):
Event: 4.307 Thread 0x0000020571e2f7e0 flushing  nmethod 0x000002056a41e810
Event: 4.307 Thread 0x0000020571e2f7e0 flushing  nmethod 0x000002056a57a210
Event: 4.307 Thread 0x0000020571e2f7e0 flushing  nmethod 0x000002056a7b9410
Event: 4.307 Thread 0x0000020571e2f7e0 flushing  nmethod 0x000002056a7bca90
Event: 4.307 Thread 0x0000020571e2f7e0 flushing  nmethod 0x000002056a7bda10
Event: 4.307 Thread 0x0000020571e2f7e0 flushing  nmethod 0x000002056a438010
Event: 4.307 Thread 0x0000020571e2f7e0 flushing  nmethod 0x000002056a74eb90
Event: 4.307 Thread 0x0000020571e2f7e0 flushing  nmethod 0x000002056a440a90
Event: 4.307 Thread 0x0000020571e2f7e0 flushing  nmethod 0x000002056a441810
Event: 4.307 Thread 0x0000020571e2f7e0 flushing  nmethod 0x000002056a610910
Event: 4.307 Thread 0x0000020571e2f7e0 flushing  nmethod 0x000002056a614110
Event: 4.307 Thread 0x0000020571e2f7e0 flushing  nmethod 0x000002056a3e4610
Event: 4.307 Thread 0x0000020571e2f7e0 flushing  nmethod 0x000002056a55f790
Event: 4.307 Thread 0x0000020571e2f7e0 flushing  nmethod 0x000002056a55fd90
Event: 4.308 Thread 0x0000020571e2f7e0 flushing  nmethod 0x000002056a615810
Event: 4.308 Thread 0x0000020571e2f7e0 flushing  nmethod 0x000002056a358210
Event: 4.308 Thread 0x0000020571e2f7e0 flushing  nmethod 0x000002056a358b90
Event: 4.308 Thread 0x0000020571e2f7e0 flushing  nmethod 0x000002056a71e810
Event: 4.308 Thread 0x0000020571e2f7e0 flushing  nmethod 0x000002056a78d890
Event: 4.308 Thread 0x0000020571e2f7e0 flushing  nmethod 0x000002056a799790

Events (20 events):
Event: 3.104 Thread 0x0000020577410220 Thread added: 0x000002057740fb90
Event: 3.105 Thread 0x000002057740fb90 Thread added: 0x00000205774108b0
Event: 3.110 Thread 0x0000020577410220 Thread added: 0x00000205774122f0
Event: 3.814 Thread 0x0000020577410220 Thread added: 0x0000020577410f40
Event: 3.928 Thread 0x0000020577410f40 Thread added: 0x00000205774115d0
Event: 5.760 Thread 0x0000020576d0d350 Thread exited: 0x0000020576d0d350
Event: 5.761 Thread 0x0000020576d0cca0 Thread exited: 0x0000020576d0cca0
Event: 7.773 Thread 0x000002057621a9f0 Thread exited: 0x000002057621a9f0
Event: 9.292 Thread 0x00000205774115d0 Thread exited: 0x00000205774115d0
Event: 91.009 Thread 0x000002057733e060 Thread exited: 0x000002057733e060
Event: 197.090 Thread 0x0000020576045710 Thread added: 0x00000205793491d0
Event: 197.090 Thread 0x0000020576045710 Thread added: 0x0000020579349880
Event: 197.090 Thread 0x0000020576045710 Thread added: 0x00000205799d2840
Event: 201.308 Thread 0x00000205799d2840 Thread exited: 0x00000205799d2840
Event: 201.862 Thread 0x0000020579349880 Thread exited: 0x0000020579349880
Event: 201.862 Thread 0x0000020576045710 Thread added: 0x0000020579349880
Event: 201.862 Thread 0x0000020576045710 Thread added: 0x00000205773528a0
Event: 203.217 Thread 0x00000205773528a0 Thread exited: 0x00000205773528a0
Event: 207.865 Thread 0x0000020579349880 Thread exited: 0x0000020579349880
Event: 215.376 Thread 0x00000205793491d0 Thread exited: 0x00000205793491d0


Dynamic libraries:
0x00007ff79b5c0000 - 0x00007ff79b5ce000 	C:\Program Files (x86)\spring-tool-suite\plugins\org.eclipse.justj.openjdk.hotspot.jre.full.win32.x86_64_21.0.4.v20240802-1551\jre\bin\javaw.exe
0x00007fffc9570000 - 0x00007fffc9788000 	C:\WINDOWS\SYSTEM32\ntdll.dll
0x00007fffc8a90000 - 0x00007fffc8b54000 	C:\WINDOWS\System32\KERNEL32.DLL
0x00007fffc6e00000 - 0x00007fffc71d3000 	C:\WINDOWS\System32\KERNELBASE.dll
0x00007fffc6800000 - 0x00007fffc6911000 	C:\WINDOWS\System32\ucrtbase.dll
0x00007fffaa220000 - 0x00007fffaa23b000 	C:\Program Files (x86)\spring-tool-suite\plugins\org.eclipse.justj.openjdk.hotspot.jre.full.win32.x86_64_21.0.4.v20240802-1551\jre\bin\VCRUNTIME140.dll
0x00007fffaf1b0000 - 0x00007fffaf1c8000 	C:\Program Files (x86)\spring-tool-suite\plugins\org.eclipse.justj.openjdk.hotspot.jre.full.win32.x86_64_21.0.4.v20240802-1551\jre\bin\jli.dll
0x00007fffc81f0000 - 0x00007fffc83a2000 	C:\WINDOWS\System32\USER32.dll
0x00007fffb5b90000 - 0x00007fffb5e2c000 	C:\WINDOWS\WinSxS\amd64_microsoft.windows.common-controls_6595b64144ccf1df_6.0.22621.6060_none_2712eda17382d24b\COMCTL32.dll
0x00007fffc6730000 - 0x00007fffc6756000 	C:\WINDOWS\System32\win32u.dll
0x00007fffc8960000 - 0x00007fffc8a07000 	C:\WINDOWS\System32\msvcrt.dll
0x00007fffc9370000 - 0x00007fffc9399000 	C:\WINDOWS\System32\GDI32.dll
0x00007fffc6920000 - 0x00007fffc6a43000 	C:\WINDOWS\System32\gdi32full.dll
0x00007fffc6760000 - 0x00007fffc67fa000 	C:\WINDOWS\System32\msvcp_win.dll
0x00007fffc9330000 - 0x00007fffc9361000 	C:\WINDOWS\System32\IMM32.DLL
0x00007fffb6110000 - 0x00007fffb611c000 	C:\Program Files (x86)\spring-tool-suite\plugins\org.eclipse.justj.openjdk.hotspot.jre.full.win32.x86_64_21.0.4.v20240802-1551\jre\bin\vcruntime140_1.dll
0x00007fff75ff0000 - 0x00007fff7607e000 	C:\Program Files (x86)\spring-tool-suite\plugins\org.eclipse.justj.openjdk.hotspot.jre.full.win32.x86_64_21.0.4.v20240802-1551\jre\bin\msvcp140.dll
0x00007fff5f920000 - 0x00007fff606a8000 	C:\Program Files (x86)\spring-tool-suite\plugins\org.eclipse.justj.openjdk.hotspot.jre.full.win32.x86_64_21.0.4.v20240802-1551\jre\bin\server\jvm.dll
0x00007fffc9270000 - 0x00007fffc9321000 	C:\WINDOWS\System32\ADVAPI32.dll
0x00007fffc7880000 - 0x00007fffc7928000 	C:\WINDOWS\System32\sechost.dll
0x00007fffc71e0000 - 0x00007fffc7208000 	C:\WINDOWS\System32\bcrypt.dll
0x00007fffc8ed0000 - 0x00007fffc8fe8000 	C:\WINDOWS\System32\RPCRT4.dll
0x00007fffc7210000 - 0x00007fffc7281000 	C:\WINDOWS\System32\WS2_32.dll
0x00007fffc6540000 - 0x00007fffc658d000 	C:\WINDOWS\SYSTEM32\POWRPROF.dll
0x00007fffbee20000 - 0x00007fffbee54000 	C:\WINDOWS\SYSTEM32\WINMM.dll
0x00007fffbdd50000 - 0x00007fffbdd5a000 	C:\WINDOWS\SYSTEM32\VERSION.dll
0x00007fffc6520000 - 0x00007fffc6533000 	C:\WINDOWS\SYSTEM32\UMPDC.dll
0x00007fffc5600000 - 0x00007fffc5618000 	C:\WINDOWS\SYSTEM32\kernel.appcore.dll
0x00007fffc05d0000 - 0x00007fffc05da000 	C:\Program Files (x86)\spring-tool-suite\plugins\org.eclipse.justj.openjdk.hotspot.jre.full.win32.x86_64_21.0.4.v20240802-1551\jre\bin\jimage.dll
0x00007fffbd330000 - 0x00007fffbd563000 	C:\WINDOWS\SYSTEM32\DBGHELP.DLL
0x00007fffc73e0000 - 0x00007fffc7772000 	C:\WINDOWS\System32\combase.dll
0x00007fffc7300000 - 0x00007fffc73d8000 	C:\WINDOWS\System32\OLEAUT32.dll
0x00007fffb3890000 - 0x00007fffb38c2000 	C:\WINDOWS\SYSTEM32\dbgcore.DLL
0x00007fffc6bc0000 - 0x00007fffc6c3b000 	C:\WINDOWS\System32\bcryptPrimitives.dll
0x00007fffbada0000 - 0x00007fffbaddc000 	C:\Program Files (x86)\spring-tool-suite\plugins\org.eclipse.justj.openjdk.hotspot.jre.full.win32.x86_64_21.0.4.v20240802-1551\jre\bin\jdwp.dll
0x00007fffbad90000 - 0x00007fffbad9f000 	C:\Program Files (x86)\spring-tool-suite\plugins\org.eclipse.justj.openjdk.hotspot.jre.full.win32.x86_64_21.0.4.v20240802-1551\jre\bin\instrument.dll
0x00007fffbb260000 - 0x00007fffbb27f000 	C:\Program Files (x86)\spring-tool-suite\plugins\org.eclipse.justj.openjdk.hotspot.jre.full.win32.x86_64_21.0.4.v20240802-1551\jre\bin\java.dll
0x00007fffbad50000 - 0x00007fffbad68000 	C:\Program Files (x86)\spring-tool-suite\plugins\org.eclipse.justj.openjdk.hotspot.jre.full.win32.x86_64_21.0.4.v20240802-1551\jre\bin\zip.dll
0x00007fffc7930000 - 0x00007fffc81ce000 	C:\WINDOWS\System32\SHELL32.dll
0x00007fffc6c40000 - 0x00007fffc6d7f000 	C:\WINDOWS\System32\wintypes.dll
0x00007fffc4500000 - 0x00007fffc4e18000 	C:\WINDOWS\SYSTEM32\windows.storage.dll
0x00007fffc9000000 - 0x00007fffc9104000 	C:\WINDOWS\System32\SHCORE.dll
0x00007fffc7780000 - 0x00007fffc77e9000 	C:\WINDOWS\System32\shlwapi.dll
0x00007fffc65a0000 - 0x00007fffc65c5000 	C:\WINDOWS\SYSTEM32\profapi.dll
0x00007fffbad80000 - 0x00007fffbad8b000 	C:\Program Files (x86)\spring-tool-suite\plugins\org.eclipse.justj.openjdk.hotspot.jre.full.win32.x86_64_21.0.4.v20240802-1551\jre\bin\dt_socket.dll
0x00007fffc5080000 - 0x00007fffc50ad000 	C:\WINDOWS\SYSTEM32\IPHLPAPI.DLL
0x00007fffc5ac0000 - 0x00007fffc5b29000 	C:\WINDOWS\system32\mswsock.dll
0x00007fffc5140000 - 0x00007fffc5238000 	C:\WINDOWS\SYSTEM32\DNSAPI.dll
0x00007fffc8950000 - 0x00007fffc8959000 	C:\WINDOWS\System32\NSI.dll
0x00007fffc1710000 - 0x00007fffc171a000 	C:\Windows\System32\rasadhlp.dll
0x00007fffbe790000 - 0x00007fffbe814000 	C:\WINDOWS\System32\fwpuclnt.dll
0x00007fffbb520000 - 0x00007fffbb530000 	C:\Program Files (x86)\spring-tool-suite\plugins\org.eclipse.justj.openjdk.hotspot.jre.full.win32.x86_64_21.0.4.v20240802-1551\jre\bin\net.dll
0x00007fffc1300000 - 0x00007fffc142c000 	C:\WINDOWS\SYSTEM32\WINHTTP.dll
0x00007fffb67a0000 - 0x00007fffb67b6000 	C:\Program Files (x86)\spring-tool-suite\plugins\org.eclipse.justj.openjdk.hotspot.jre.full.win32.x86_64_21.0.4.v20240802-1551\jre\bin\nio.dll
0x00007fffb5220000 - 0x00007fffb522a000 	C:\Program Files (x86)\spring-tool-suite\plugins\org.eclipse.justj.openjdk.hotspot.jre.full.win32.x86_64_21.0.4.v20240802-1551\jre\bin\management.dll
0x00007fffb3dc0000 - 0x00007fffb3dcb000 	C:\Program Files (x86)\spring-tool-suite\plugins\org.eclipse.justj.openjdk.hotspot.jre.full.win32.x86_64_21.0.4.v20240802-1551\jre\bin\management_ext.dll
0x00007fffc8a10000 - 0x00007fffc8a18000 	C:\WINDOWS\System32\PSAPI.DLL
0x00007fff79b70000 - 0x00007fff79b87000 	C:\WINDOWS\system32\napinsp.dll
0x00007fff79b50000 - 0x00007fff79b6b000 	C:\WINDOWS\system32\pnrpnsp.dll
0x00007fff79b30000 - 0x00007fff79b41000 	C:\WINDOWS\System32\winrnr.dll
0x00007fffbf120000 - 0x00007fffbf135000 	C:\WINDOWS\system32\wshbth.dll
0x00007fff79b00000 - 0x00007fff79b21000 	C:\WINDOWS\system32\nlansp_c.dll
0x00007fffc5e10000 - 0x00007fffc5e2b000 	C:\WINDOWS\SYSTEM32\CRYPTSP.dll
0x00007fffc5560000 - 0x00007fffc5597000 	C:\WINDOWS\system32\rsaenh.dll
0x00007fffc5b60000 - 0x00007fffc5b88000 	C:\WINDOWS\SYSTEM32\USERENV.dll
0x00007fffc5df0000 - 0x00007fffc5dfc000 	C:\WINDOWS\SYSTEM32\CRYPTBASE.dll
0x00007fffb6400000 - 0x00007fffb6409000 	C:\Program Files (x86)\spring-tool-suite\plugins\org.eclipse.justj.openjdk.hotspot.jre.full.win32.x86_64_21.0.4.v20240802-1551\jre\bin\extnet.dll
0x00007fffbad40000 - 0x00007fffbad50000 	C:\Program Files (x86)\spring-tool-suite\plugins\org.eclipse.justj.openjdk.hotspot.jre.full.win32.x86_64_21.0.4.v20240802-1551\jre\bin\verify.dll
0x00007fffb6710000 - 0x00007fffb671e000 	C:\Program Files (x86)\spring-tool-suite\plugins\org.eclipse.justj.openjdk.hotspot.jre.full.win32.x86_64_21.0.4.v20240802-1551\jre\bin\sunmscapi.dll
0x00007fffc6a50000 - 0x00007fffc6bb8000 	C:\WINDOWS\System32\CRYPT32.dll
0x00007fffc5f30000 - 0x00007fffc5f5e000 	C:\WINDOWS\SYSTEM32\ncrypt.dll
0x00007fffc5ef0000 - 0x00007fffc5f27000 	C:\WINDOWS\SYSTEM32\NTASN1.dll
0x00007fff8dba0000 - 0x00007fff8dc9a000 	C:\Users\Barbosa DK\AppData\Local\Temp\sqlite-3.49.1.0-3f0fb9c6-9b4d-4a3f-a49e-da2f2a2d733c-sqlitejdbc.dll

dbghelp: loaded successfully - version: 4.0.5 - missing functions: none
symbol engine: initialized successfully - sym options: 0x614 - pdb path: .;C:\Program Files (x86)\spring-tool-suite\plugins\org.eclipse.justj.openjdk.hotspot.jre.full.win32.x86_64_21.0.4.v20240802-1551\jre\bin;C:\WINDOWS\SYSTEM32;C:\WINDOWS\WinSxS\amd64_microsoft.windows.common-controls_6595b64144ccf1df_6.0.22621.6060_none_2712eda17382d24b;C:\Program Files (x86)\spring-tool-suite\plugins\org.eclipse.justj.openjdk.hotspot.jre.full.win32.x86_64_21.0.4.v20240802-1551\jre\bin\server;C:\Users\Barbosa DK\AppData\Local\Temp

VM Arguments:
jvm_args: -XX:+ShowCodeDetailsInExceptionMessages -agentlib:jdwp=transport=dt_socket,suspend=y,address=localhost:65088 -Dcom.sun.management.jmxremote -Dcom.sun.management.jmxremote.port=65087 -Dcom.sun.management.jmxremote.authenticate=false -Dcom.sun.management.jmxremote.ssl=false -Djava.rmi.server.hostname=localhost -Dspring.jmx.enabled=true -Dmanagement.endpoints.jmx.exposure.include=* -Dspring.application.admin.enabled=true -XX:TieredStopAtLevel=1 -Dspring.boot.project.name=projeto-springboot -javaagent:C:\Program Files (x86)\spring-tool-suite\configuration\org.eclipse.osgi\271\0\.cp\lib\javaagent-shaded.jar -Dfile.encoding=UTF-8 -Dstdout.encoding=UTF-8 -Dstderr.encoding=UTF-8 
java_command: com.produtoapi.ProjetoSpringbootApplication --spring.output.ansi.enabled=always
java_class_path (initial): C:\Users\Barbosa DK\Documents\workspace-spring-tool-suite\projeto-springboot\target\classes;C:\Users\Barbosa DK\.m2\repository\org\xerial\sqlite-jdbc\3.49.1.0\sqlite-jdbc-3.49.1.0.jar;C:\Users\Barbosa DK\.m2\repository\org\springframework\boot\spring-boot-starter-data-jpa\3.5.4\spring-boot-starter-data-jpa-3.5.4.jar;C:\Users\Barbosa DK\.m2\repository\org\springframework\boot\spring-boot-starter-jdbc\3.5.4\spring-boot-starter-jdbc-3.5.4.jar;C:\Users\Barbosa DK\.m2\repository\com\zaxxer\HikariCP\6.3.1\HikariCP-6.3.1.jar;C:\Users\Barbosa DK\.m2\repository\org\springframework\spring-jdbc\6.2.9\spring-jdbc-6.2.9.jar;C:\Users\Barbosa DK\.m2\repository\org\hibernate\orm\hibernate-core\6.6.22.Final\hibernate-core-6.6.22.Final.jar;C:\Users\Barbosa DK\.m2\repository\jakarta\persistence\jakarta.persistence-api\3.1.0\jakarta.persistence-api-3.1.0.jar;C:\Users\Barbosa DK\.m2\repository\jakarta\transaction\jakarta.transaction-api\2.0.1\jakarta.transaction-api-2.0.1.jar;C:\Users\Barbosa DK\.m2\repository\org\hibernate\common\hibernate-commons-annotations\7.0.3.Final\hibernate-commons-annotations-7.0.3.Final.jar;C:\Users\Barbosa DK\.m2\repository\io\smallrye\jandex\3.2.0\jandex-3.2.0.jar;C:\Users\Barbosa DK\.m2\repository\com\fasterxml\classmate\1.7.0\classmate-1.7.0.jar;C:\Users\Barbosa DK\.m2\repository\net\bytebuddy\byte-buddy\1.17.6\byte-buddy-1.17.6.jar;C:\Users\Barbosa DK\.m2\repository\org\glassfish\jaxb\jaxb-runtime\4.0.5\jaxb-runtime-4.0.5.jar;C:\Users\Barbosa DK\.m2\repository\org\glassfish\jaxb\jaxb-core\4.0.5\jaxb-core-4.0.5.jar;C:\Users\Barbosa DK\.m2\repository\org\eclipse\angus\angus-activation\2.0.2\angus-activation-2.0.2.jar;C:\Users\Barbosa DK\.m2\repository\org\glassfish\jaxb\txw2\4.0.5\txw2-4.0.5.jar;C:\Users\Barbosa DK\.m2\repository\com\sun\istack\istack-commons-runtime\4.1.2\istack-commons-runtime-4.1.2.jar;C:\Users\Barbosa DK\.m2\repository\jakarta\inject\jakarta.inject-api\2.0.1\jakarta.inject-api-2.0.1.jar;C:\Users\Barbosa DK\.m2\repository\org\antlr\antlr4-runtime\4.13.0\antlr4-runtime-4.13.0.jar;C:\Users\Barbosa DK\.m2\repository\org\springframework\data\spring-data-jpa\3.5.2\spring-data-jpa-3.5.2.jar;C:\Users\Barbosa DK\.m2\repository\org\springframework\data\spring-data-commons\3.5.2\spring-data-commons-3.5.2.jar;C:\Users\Barbosa DK\.m2\repository\org\springframework\spring-orm\6.2.9\spring-orm-6.2.9.jar;C:\Users\Barbosa DK\.m2\repository\org\springframework\spring-context\6.2.9\spring-context-6.2.9.jar;C:\Users\Barbosa DK\.m2\repository\org\springframework\spring-aop\6.2.9\spring-aop-6.2.9.jar;C:\Users\Barbosa DK\.m2\repository\org\springframework\spring-tx\6.2.9\spring-tx-6.2.9.jar;C:\Users\Barbosa DK\.m2\repository\org\springframework\spring-beans\6.2.9\spring-beans-6.2.9.jar;C:\Users\Barbosa DK\.m2\repository\org\slf4j\slf4j-api\2.0.17\slf4j-api-2.0.17.jar;C:\Users\Barbosa DK\.m2\repository\org\springframework\spring-aspects\6.2.9\spring-aspects-6.2.9.jar;C:\Users\Barbosa DK\.m2\repository\org\aspectj\aspectjweaver\1.9.24\aspectjweaver-1.9.24.jar;C:\Users\Barbosa DK\.m2\repository\org\hibernate\orm\hibernate-community-dialects\6.6.22.Final\hibernate-community-dialects-6.6.22.Final.jar;C:\Users\Barbosa DK\.m2\repository\org\jboss\logging\jboss-logging\3.6.1.Final\jboss-logging-3.6.1.Final.jar;C:\Users\Barbosa DK\.m2\repository\org\springframework\boot\spring-boot-starter-validation\3.5.4\spring-boot-starter-validation-3.5.4.jar;C:\Users\Barbosa DK\.m2\repository\org\apache\tomcat\embed\tomcat-embed-el\10.1.43\tomcat-embed-el-10.1.43.jar;C:\Users\Barbosa DK\.m2\repository\org\hibernate\validator\hibernate-validator\8.0.2.Final\hibernate-validator-8.0.2.Final.jar;C:\Users\Barbosa DK\.m2\repository\jakarta\validation\jakarta.validation-api\3.0.2\jakarta.validation-api-3.0.2.jar;C:\Users\Barbosa DK\.m2\repository\org\springframework\boot\spring-boot-devtools\3.5.4\spring-boot-devtools-3.5.4.jar;C:\Users\Barbosa DK\.m2\repository\org\springframework\boot\spring-boot\3.5.4\spring-boot-3.5.4.jar;C:\Users\Barbosa DK\.m2\repository\org\springframework\boot\spring-boot-autoconfigure\3.5.4\spring-boot-autoconfigure-3.5.4.jar;C:\Users\Barbosa DK\.m2\repository\org\springframework\boot\spring-boot-starter-web\3.5.4\spring-boot-starter-web-3.5.4.jar;C:\Users\Barbosa DK\.m2\repository\org\springframework\boot\spring-boot-starter-json\3.5.4\spring-boot-starter-json-3.5.4.jar;C:\Users\Barbosa DK\.m2\repository\com\fasterxml\jackson\core\jackson-databind\2.19.2\jackson-databind-2.19.2.jar;C:\Users\Barbosa DK\.m2\repository\com\fasterxml\jackson\core\jackson-annotations\2.19.2\jackson-annotations-2.19.2.jar;C:\Users\Barbosa DK\.m2\repository\com\fasterxml\jackson\core\jackson-core\2.19.2\jackson-core-2.19.2.jar;C:\Users\Barbosa DK\.m2\repository\com\fasterxml\jackson\datatype\jackson-datatype-jdk8\2.19.2\jackson-datatype-jdk8-2.19.2.jar;C:\Users\Barbosa DK\.m2\repository\com\fasterxml\jackson\datatype\jackson-datatype-jsr310\2.19.2\jackson-datatype-jsr310-2.19.2.jar;C:\Users\Barbosa DK\.m2\repository\com\fasterxml\jackson\module\jackson-module-parameter-names\2.19.2\jackson-module-parameter-names-2.19.2.jar;C:\Users\Barbosa DK\.m2\repository\org\springframework\boot\spring-boot-starter-tomcat\3.5.4\spring-boot-starter-tomcat-3.5.4.jar;C:\Users\Barbosa DK\.m2\repository\org\apache\tomcat\embed\tomcat-embed-core\10.1.43\tomcat-embed-core-10.1.43.jar;C:\Users\Barbosa DK\.m2\repository\org\apache\tomcat\embed\tomcat-embed-websocket\10.1.43\tomcat-embed-websocket-10.1.43.jar;C:\Users\Barbosa DK\.m2\repository\org\springframework\spring-web\6.2.9\spring-web-6.2.9.jar;C:\Users\Barbosa DK\.m2\repository\io\micrometer\micrometer-observation\1.15.2\micrometer-observation-1.15.2.jar;C:\Users\Barbosa DK\.m2\repository\io\micrometer\micrometer-commons\1.15.2\micrometer-commons-1.15.2.jar;C:\Users\Barbosa DK\.m2\repository\org\springframework\spring-webmvc\6.2.9\spring-webmvc-6.2.9.jar;C:\Users\Barbosa DK\.m2\repository\org\springframework\spring-expression\6.2.9\spring-expression-6.2.9.jar;C:\Users\Barbosa DK\.m2\repository\org\springframework\boot\spring-boot-starter\3.5.4\spring-boot-starter-3.5.4.jar;C:\Users\Barbosa DK\.m2\repository\org\springframework\boot\spring-boot-starter-logging\3.5.4\spring-boot-starter-logging-3.5.4.jar;C:\Users\Barbosa DK\.m2\repository\ch\qos\logback\logback-classic\1.5.18\logback-classic-1.5.18.jar;C:\Users\Barbosa DK\.m2\repository\ch\qos\logback\logback-core\1.5.18\logback-core-1.5.18.jar;C:\Users\Barbosa DK\.m2\repository\org\apache\logging\log4j\log4j-to-slf4j\2.24.3\log4j-to-slf4j-2.24.3.jar;C:\Users\Barbosa DK\.m2\repository\org\apache\logging\log4j\log4j-api\2.24.3\log4j-api-2.24.3.jar;C:\Users\Barbosa DK\.m2\repository\org\slf4j\jul-to-slf4j\2.0.17\jul-to-slf4j-2.0.17.jar;C:\Users\Barbosa DK\.m2\repository\jakarta\annotation\jakarta.annotation-api\2.1.1\jakarta.annotation-api-2.1.1.jar;C:\Users\Barbosa DK\.m2\repository\org\springframework\spring-core\6.2.9\spring-core-6.2.9.jar;C:\Users\Barbosa DK\.m2\repository\org\springframework\spring-jcl\6.2.9\spring-jcl-6.2.9.jar;C:\Users\Barbosa DK\.m2\repository\org\yaml\snakeyaml\2.4\snakeyaml-2.4.jar;C:\Users\Barbosa DK\.m2\repository\jakarta\xml\bind\jakarta.xml.bind-api\4.0.2\jakarta.xml.bind-api-4.0.2.jar;C:\Users\Barbosa DK\.m2\repository\jakarta\activation\jakarta.activation-api\2.1.3\jakarta.activation-api-2.1.3.jar
Launcher Type: SUN_STANDARD

[Global flags]
     intx CICompilerCount                          = 4                                         {product} {ergonomic}
     uint ConcGCThreads                            = 3                                         {product} {ergonomic}
     uint G1ConcRefinementThreads                  = 10                                        {product} {ergonomic}
   size_t G1HeapRegionSize                         = 1048576                                   {product} {ergonomic}
    uintx GCDrainStackTargetSize                   = 64                                        {product} {ergonomic}
   size_t InitialHeapSize                          = 98566144                                  {product} {ergonomic}
     bool ManagementServer                         = true                                      {product} {command line}
   size_t MarkStackSize                            = 4194304                                   {product} {ergonomic}
   size_t MaxHeapSize                              = 1570766848                                {product} {ergonomic}
   size_t MaxNewSize                               = 941621248                                 {product} {ergonomic}
   size_t MinHeapDeltaBytes                        = 1048576                                   {product} {ergonomic}
   size_t MinHeapSize                              = 8388608                                   {product} {ergonomic}
    uintx NonNMethodCodeHeapSize                   = 4096                                   {pd product} {ergonomic}
    uintx NonProfiledCodeHeapSize                  = 0                                      {pd product} {ergonomic}
     bool ProfileInterpreter                       = false                                  {pd product} {command line}
    uintx ProfiledCodeHeapSize                     = 0                                      {pd product} {ergonomic}
     bool ShowCodeDetailsInExceptionMessages       = true                                   {manageable} {command line}
   size_t SoftMaxHeapSize                          = 1570766848                             {manageable} {ergonomic}
     intx TieredStopAtLevel                        = 1                                         {product} {command line}
     bool UseCompressedOops                        = true                           {product lp64_product} {ergonomic}
     bool UseG1GC                                  = true                                      {product} {ergonomic}
     bool UseLargePagesIndividualAllocation        = false                                  {pd product} {ergonomic}

Logging:
Log output configuration:
 #0: stdout all=warning uptime,level,tags foldmultilines=false
 #1: stderr all=off uptime,level,tags foldmultilines=false

Environment Variables:
JAVA_HOME=C:\Java\jdk-24
CLASSPATH=.;sqlite-jdbc-3.46.0.0.jar;slf4j-api-1.7.13.jar;slf4j-simple-1.7.13.jar
PATH=C:\Program Files (x86)\spring-tool-suite\plugins\org.eclipse.justj.openjdk.hotspot.jre.full.win32.x86_64_21.0.4.v20240802-1551\jre\bin;C:/Program Files (x86)/spring-tool-suite//plugins/org.eclipse.justj.openjdk.hotspot.jre.full.win32.x86_64_21.0.4.v20240802-1551/jre/bin/server;C:/Program Files (x86)/spring-tool-suite//plugins/org.eclipse.justj.openjdk.hotspot.jre.full.win32.x86_64_21.0.4.v20240802-1551/jre/bin;C:\WINDOWS\system32;C:\WINDOWS;C:\WINDOWS\System32\Wbem;C:\WINDOWS\System32\WindowsPowerShell\v1.0\;C:\WINDOWS\System32\OpenSSH\;C:\MinGW\bin;C:\Program Files\Git\cmd;C:\Program Files\dotnet\;C:\Java\jdk-24\bin;C:\Users\Barbosa DK\AppData\Local\Programs\Python\Python313\Scripts\;C:\Users\Barbosa DK\AppData\Local\Programs\Python\Python313\;C:\Users\Barbosa DK\AppData\Local\Microsoft\WindowsApps;C:\Users\Barbosa DK\.dotnet\tools;C:\MinGW\bin;C:\Program Files\CMake\bin;C:\Users\Barbosa DK\AppData\Local\Programs\Microsoft VS Code Insiders\bin;C:\Program Files (x86)\spring-tool-suite;
USERNAME=Barbosa DK
OS=Windows_NT
PROCESSOR_IDENTIFIER=AMD64 Family 23 Model 104 Stepping 1, AuthenticAMD
TMP=C:\Users\BARBOS~1\AppData\Local\Temp
TEMP=C:\Users\BARBOS~1\AppData\Local\Temp




Periodic native trim disabled

---------------  S Y S T E M  ---------------

OS:
 Windows 11 , 64 bit Build 22621 (10.0.22621.5415)
OS uptime: 8 days 22:06 hours
Hyper-V role detected

CPU: total 12 (initial active 12) (12 cores per cpu, 2 threads per core) family 23 model 104 stepping 1 microcode 0x0, cx8, cmov, fxsr, ht, mmx, 3dnowpref, sse, sse2, sse3, ssse3, sse4a, sse4.1, sse4.2, popcnt, lzcnt, tsc, tscinvbit, avx, avx2, aes, clmul, bmi1, bmi2, adx, sha, fma, vzeroupper, clflush, clflushopt, hv, rdtscp, rdpid, f16c
Processor Information for all 12 processors :
  Max Mhz: 2100, Current Mhz: 2100, Mhz Limit: 2100

Memory: 4k page, system-wide physical 5989M (301M free)
TotalPageFile size 14181M (AvailPageFile size 3633M)
current process WorkingSet (physical memory assigned to process): 231M, peak: 232M
current process commit charge ("private bytes"): 267M, peak: 267M

vm_info: OpenJDK 64-Bit Server VM (21.0.4+7-LTS) for windows-amd64 JRE (21.0.4+7-LTS), built on 2024-07-16T00:00:00Z by "admin" with MS VC++ 17.7 (VS2022)

END.
